2025-11-06T16:06:28Z [INFO] cryptotaxcalc.export: Export built successfully: {'timestamp': '2025-11-06T15:06:28Z', 'files_included': 102, 'zip_size_bytes': 122097, 'hashes_count': 75, 'export_path': 'C:\\Users\\picci\\AppData\\Local\\Temp\\export_3ki41q99\\CryptoTaxCalc_Export_2025-11-06_16-06-28'}
2025-11-06T16:08:04Z [INFO] cryptotaxcalc.export: Export built successfully: {'timestamp': '2025-11-06T15:08:03Z', 'files_included': 104, 'zip_size_bytes': 123505, 'hashes_count': 77, 'export_path': 'C:\\Users\\picci\\AppData\\Local\\Temp\\export_pole0abj\\CryptoTaxCalc_Export_2025-11-06_16-08-03'}
2025-12-28T11:18:24Z [WARNING] cryptotaxcalc.export: Ignoring unknown export bundle options: ['include_git_meta', 'include_pyproject', 'include_requirements']
2025-12-28T11:18:24Z [INFO] cryptotaxcalc.export: Building export zip at C:\Users\picci\AppData\Local\Temp\diagnostics_2025-12-28_10-18-24.zip
2025-12-28T11:18:29Z [WARNING] cryptotaxcalc.export: Skip file (missing): C:\Users\picci\Desktop\CryptoTaxCalc\.env.example
2025-12-28T11:18:29Z [WARNING] cryptotaxcalc.export: Skip file (missing): C:\Users\picci\Desktop\CryptoTaxCalc\demo_build_manifest.json
2025-12-28T11:18:29Z [WARNING] cryptotaxcalc.export: Skip file (missing): C:\Users\picci\Desktop\CryptoTaxCalc\setup.cfg
2025-12-28T11:18:29Z [INFO] cryptotaxcalc.export: Export zip ready: C:\Users\picci\AppData\Local\Temp\diagnostics_2025-12-28_10-18-24.zip
2025-12-28T11:36:25Z [WARNING] cryptotaxcalc.export: Ignoring unknown export bundle options: ['include_git_meta', 'include_pyproject', 'include_requirements']
2025-12-28T11:36:25Z [INFO] cryptotaxcalc.export: Building export zip at C:\Users\picci\AppData\Local\Temp\diagnostics_2025-12-28_10-36-25.zip
2025-12-28T11:36:29Z [WARNING] cryptotaxcalc.export: Skip file (missing): C:\Users\picci\Desktop\CryptoTaxCalc\.env.example
2025-12-28T11:36:29Z [WARNING] cryptotaxcalc.export: Skip file (missing): C:\Users\picci\Desktop\CryptoTaxCalc\demo_build_manifest.json
2025-12-28T11:36:29Z [WARNING] cryptotaxcalc.export: Skip file (missing): C:\Users\picci\Desktop\CryptoTaxCalc\setup.cfg
2025-12-28T11:36:30Z [INFO] cryptotaxcalc.export: Export zip ready: C:\Users\picci\AppData\Local\Temp\diagnostics_2025-12-28_10-36-25.zip
2025-12-28T11:37:59Z [WARNING] cryptotaxcalc.export: Ignoring unknown export bundle options: ['include_git_meta', 'include_pyproject', 'include_requirements']
2025-12-28T11:37:59Z [INFO] cryptotaxcalc.export: Building export zip at C:\Users\picci\AppData\Local\Temp\diagnostics_2025-12-28_10-37-59.zip
2025-12-28T11:38:03Z [WARNING] cryptotaxcalc.export: Skip file (missing): C:\Users\picci\Desktop\CryptoTaxCalc\.env.example
2025-12-28T11:38:03Z [WARNING] cryptotaxcalc.export: Skip file (missing): C:\Users\picci\Desktop\CryptoTaxCalc\demo_build_manifest.json
2025-12-28T11:38:03Z [WARNING] cryptotaxcalc.export: Skip file (missing): C:\Users\picci\Desktop\CryptoTaxCalc\setup.cfg
2025-12-28T11:38:03Z [INFO] cryptotaxcalc.export: Export zip ready: C:\Users\picci\AppData\Local\Temp\diagnostics_2025-12-28_10-37-59.zip
