2026-03-04T10:48:29Z [INFO] cryptotaxcalc.app: Loaded 51 routes.
2026-03-04T10:48:29Z [INFO] cryptotaxcalc.app: All core tables verified present.
2026-03-04T10:48:30Z [INFO] cryptotaxcalc.app: Startup completed successfully at 2026-03-04T09:48:30.941469+00:00
2026-03-04T10:48:30Z [INFO] cryptotaxcalc.app: Startup completed successfully at 2026-03-04T09:48:29Z
2026-03-04T10:48:31Z [INFO] cryptotaxcalc.app: GET /health -> 200 in 0.002s
2026-03-04T10:48:55Z [INFO] cryptotaxcalc.app: Loaded 51 routes.
2026-03-04T10:48:56Z [INFO] cryptotaxcalc.app: All core tables verified present.
2026-03-04T10:48:56Z [INFO] cryptotaxcalc.app: Startup completed successfully at 2026-03-04T09:48:56.648609+00:00
2026-03-04T10:48:56Z [INFO] cryptotaxcalc.app: Startup completed successfully at 2026-03-04T09:48:56Z
2026-03-04T10:48:57Z [INFO] cryptotaxcalc.app: GET /demo/dashboard -> 200 in 0.047s
2026-03-04T10:48:57Z [INFO] cryptotaxcalc.app: GET /static/theme.css -> 200 in 0.053s
2026-03-04T10:48:57Z [INFO] cryptotaxcalc.app: GET /static/dashboard_override.css -> 200 in 0.056s
2026-03-04T10:48:57Z [INFO] cryptotaxcalc.app: GET /static/glow.js -> 200 in 0.058s
2026-03-04T10:48:57Z [INFO] cryptotaxcalc.app: GET /static/dark_theme.png -> 404 in 0.012s
2026-03-04T10:48:57Z [INFO] cryptotaxcalc.app: GET /static/light_theme.png -> 404 in 0.01s
2026-03-04T10:48:57Z [INFO] cryptotaxcalc.app: GET /static/theme.js -> 200 in 0.011s
2026-03-04T10:48:57Z [INFO] cryptotaxcalc.app: GET /static/img/icons/stage_back_black.png -> 200 in 0.004s
2026-03-04T10:48:57Z [INFO] cryptotaxcalc.app: GET /static/img/icons/stage_back.png -> 200 in 0.008s
2026-03-04T10:48:57Z [INFO] cryptotaxcalc.app: GET /logo/icon -> 200 in 0.008s
2026-03-04T10:48:57Z [INFO] cryptotaxcalc.app: GET /static/img/icons/flag_hr.png -> 404 in 0.011s
2026-03-04T10:48:57Z [INFO] cryptotaxcalc.app: GET /static/media/background_dark_gpu.webm -> 206 in 0.01s
2026-03-04T10:48:57Z [INFO] cryptotaxcalc.app: GET /static/media/background_light_gpu.webm -> 206 in 0.011s
2026-03-04T10:48:57Z [INFO] cryptotaxcalc.app: GET /static/vendor/chartjs/chart.umd.min.js -> 200 in 0.006s
2026-03-04T10:48:57Z [INFO] cryptotaxcalc.app: GET /demo/manifest -> 200 in 0.002s
2026-03-04T10:48:57Z [INFO] cryptotaxcalc.app: GET /demo/country_notes -> 200 in 0.003s
2026-03-04T10:48:57Z [INFO] cryptotaxcalc.app: GET /status -> 200 in 0.005s
2026-03-04T10:48:57Z [INFO] cryptotaxcalc.app: GET /demo/runs/recent -> 200 in 0.009s
2026-03-04T10:48:57Z [INFO] cryptotaxcalc.app: GET /favicon.ico -> 200 in 0.001s
2026-03-04T10:48:57Z [INFO] cryptotaxcalc.app: GET /static/favicon.ico -> 200 in 0.003s
2026-03-04T10:48:57Z [INFO] cryptotaxcalc.app: GET /static/img/icons/country_notes.png -> 200 in 0.001s
2026-03-04T10:49:03Z [INFO] cryptotaxcalc.app: POST /demo/load -> 200 in 0.003s
2026-03-04T10:49:03Z [INFO] cryptotaxcalc.app: GET /status -> 200 in 0.001s
2026-03-04T10:49:04Z [INFO] cryptotaxcalc.app: POST /calculate/v2 -> 200 in 0.035s
2026-03-04T10:49:04Z [INFO] cryptotaxcalc.app: GET /fx/status -> 200 in 0.002s
2026-03-04T10:49:04Z [INFO] cryptotaxcalc.app: GET /calc/run/1/events -> 200 in 0.004s
2026-03-04T10:49:04Z [INFO] cryptotaxcalc.app: GET /status -> 200 in 0.002s
2026-03-04T10:49:04Z [INFO] cryptotaxcalc.app: GET /demo/runs/recent -> 200 in 0.003s
2026-03-04T10:49:21Z [INFO] cryptotaxcalc.app: GET /workspace -> 200 in 0.028s
2026-03-04T10:49:21Z [INFO] cryptotaxcalc.app: GET /static/theme.css -> 304 in 0.001s
2026-03-04T10:49:21Z [INFO] cryptotaxcalc.app: GET /static/dashboard_override.css -> 304 in 0.004s
2026-03-04T10:49:21Z [INFO] cryptotaxcalc.app: GET /static/dark_theme.png -> 404 in 0.006s
2026-03-04T10:49:21Z [INFO] cryptotaxcalc.app: GET /static/img/icons/workspace_icon_white.png -> 200 in 0.007s
2026-03-04T10:49:21Z [INFO] cryptotaxcalc.app: GET /static/light_theme.png -> 404 in 0.01s
2026-03-04T10:49:21Z [INFO] cryptotaxcalc.app: GET /static/img/icons/workspace_icon_black.png -> 200 in 0.012s
2026-03-04T10:49:21Z [INFO] cryptotaxcalc.app: GET /static/img/icons/recent_runs_icon_white.png -> 200 in 0.012s
2026-03-04T10:49:21Z [INFO] cryptotaxcalc.app: GET /static/glow.js -> 304 in 0.011s
2026-03-04T10:49:21Z [INFO] cryptotaxcalc.app: GET /static/theme.js -> 304 in 0.008s
2026-03-04T10:49:21Z [INFO] cryptotaxcalc.app: GET /static/img/icons/recent_runs_icon_black.png -> 200 in 0.008s
2026-03-04T10:49:21Z [INFO] cryptotaxcalc.app: GET /static/img/icons/help_icon_white.png -> 200 in 0.006s
2026-03-04T10:49:21Z [INFO] cryptotaxcalc.app: GET /static/img/icons/help_icon_black.png -> 200 in 0.006s
2026-03-04T10:49:21Z [INFO] cryptotaxcalc.app: GET /static/img/icons/data_quality_icon_white.png -> 200 in 0.007s
2026-03-04T10:49:21Z [INFO] cryptotaxcalc.app: GET /static/img/icons/gain&loses_icon_white.png -> 200 in 0.005s
2026-03-04T10:49:21Z [INFO] cryptotaxcalc.app: GET /static/img/icons/country_rules_icon_white.png -> 200 in 0.005s
2026-03-04T10:49:21Z [INFO] cryptotaxcalc.app: GET /static/img/icons/settings_icon_white.png -> 200 in 0.002s
2026-03-04T10:49:21Z [INFO] cryptotaxcalc.app: GET /static/img/icons/settings_icon_black.png -> 200 in 0.001s
2026-03-04T10:49:22Z [INFO] cryptotaxcalc.app: GET /static/img/icons/gain&loses_icon_black.png -> 200 in 0.003s
2026-03-04T10:49:22Z [INFO] cryptotaxcalc.app: GET /static/img/icons/country_rules_icon_black.png -> 200 in 0.004s
2026-03-04T10:49:22Z [INFO] cryptotaxcalc.app: GET /static/img/icons/data_quality_icon_black.png -> 200 in 0.002s
2026-03-04T10:49:22Z [INFO] cryptotaxcalc.app: GET /static/media/background_dark_gpu.webm -> 304 in 0.001s
2026-03-04T10:49:22Z [INFO] cryptotaxcalc.app: GET /static/media/background_light_gpu.webm -> 304 in 0.001s
2026-03-04T10:49:35Z [INFO] cryptotaxcalc.app: POST /csv/detect/multiple -> 200 in 0.044s
2026-03-04T10:49:36Z [INFO] cryptotaxcalc.app: POST /data_quality/precheck -> 200 in 0.444s
2026-03-04T10:49:40Z [INFO] cryptotaxcalc.app: POST /import/multiple -> 200 in 1.594s
2026-03-04T10:49:40Z [INFO] cryptotaxcalc.app: GET /wallet/transfers/grouped -> 200 in 0.003s
2026-03-04T10:49:53Z [INFO] cryptotaxcalc.app: POST /calculate/v2 -> 200 in 12.331s
2026-03-04T10:50:00Z [INFO] cryptotaxcalc.app: GET /workspace/results -> 200 in 0.049s
2026-03-04T10:50:00Z [INFO] cryptotaxcalc.app: GET /static/theme.css -> 304 in 0.002s
2026-03-04T10:50:00Z [INFO] cryptotaxcalc.app: GET /static/dashboard_override.css -> 304 in 0.001s
2026-03-04T10:50:00Z [INFO] cryptotaxcalc.app: GET /static/dark_theme.png -> 404 in 0.002s
2026-03-04T10:50:00Z [INFO] cryptotaxcalc.app: GET /static/light_theme.png -> 404 in 0.004s
2026-03-04T10:50:00Z [INFO] cryptotaxcalc.app: GET /static/img/icons/workspace_icon_white.png -> 304 in 0.007s
2026-03-04T10:50:00Z [INFO] cryptotaxcalc.app: GET /static/img/icons/recent_runs_icon_white.png -> 304 in 0.005s
2026-03-04T10:50:00Z [INFO] cryptotaxcalc.app: GET /static/img/icons/workspace_icon_black.png -> 304 in 0.007s
2026-03-04T10:50:00Z [INFO] cryptotaxcalc.app: GET /static/glow.js -> 304 in 0.01s
2026-03-04T10:50:00Z [INFO] cryptotaxcalc.app: GET /static/theme.js -> 304 in 0.011s
2026-03-04T10:50:00Z [INFO] cryptotaxcalc.app: GET /static/img/icons/recent_runs_icon_black.png -> 304 in 0.01s
2026-03-04T10:50:00Z [INFO] cryptotaxcalc.app: GET /static/img/icons/settings_icon_white.png -> 304 in 0.006s
2026-03-04T10:50:00Z [INFO] cryptotaxcalc.app: GET /static/img/icons/settings_icon_black.png -> 304 in 0.009s
2026-03-04T10:50:00Z [INFO] cryptotaxcalc.app: GET /static/img/icons/help_icon_white.png -> 304 in 0.006s
2026-03-04T10:50:00Z [INFO] cryptotaxcalc.app: GET /static/img/icons/help_icon_black.png -> 304 in 0.002s
2026-03-04T10:50:00Z [INFO] cryptotaxcalc.app: GET /static/media/background_dark_gpu.webm -> 304 in 0.004s
2026-03-04T10:50:00Z [INFO] cryptotaxcalc.app: GET /static/media/background_light_gpu.webm -> 304 in 0.004s
2026-03-04T10:50:00Z [INFO] cryptotaxcalc.app: GET /api/v1/runs/2/tax -> 200 in 0.015s
2026-03-04T10:50:00Z [INFO] cryptotaxcalc.app: GET /jurisdiction/status -> 200 in 0.001s
2026-03-04T10:50:00Z [INFO] cryptotaxcalc.app: GET /country_notes -> 200 in 0.003s
2026-03-04T10:50:00Z [INFO] cryptotaxcalc.app: GET /export/workspace_summary/2.pdf -> 409 in 0.013s
2026-03-04T10:50:00Z [INFO] cryptotaxcalc.app: GET /calc/run/2/filters_meta -> 200 in 0.023s
2026-03-04T10:50:00Z [INFO] cryptotaxcalc.app: GET /api/v1/runs/2 -> 200 in 0.034s
2026-03-04T10:50:00Z [INFO] cryptotaxcalc.app: GET /calc/run/2/summary_filtered -> 200 in 0.017s
2026-03-04T10:50:00Z [INFO] cryptotaxcalc.app: GET /export/workspace_summary/2/subset.pdf -> 409 in 0.007s
2026-03-04T10:50:02Z [INFO] cryptotaxcalc.app: GET /calc/run/2/summary_filtered -> 200 in 0.335s
2026-03-04T10:50:02Z [INFO] cryptotaxcalc.app: GET /export/workspace_summary/2/subset.pdf -> 409 in 0.098s
2026-03-04T10:50:26Z [INFO] cryptotaxcalc.app: GET /api/v1/runs/2/events -> 200 in 0.015s
2026-03-04T10:50:30Z [INFO] cryptotaxcalc.app: GET /api/v1/runs/2/events -> 200 in 0.014s
2026-03-04T10:50:30Z [INFO] cryptotaxcalc.app: GET /api/v1/runs/2/events -> 200 in 0.015s
2026-03-04T10:50:30Z [INFO] cryptotaxcalc.app: GET /api/v1/runs/2/events -> 200 in 0.015s
2026-03-04T10:50:31Z [INFO] cryptotaxcalc.app: GET /api/v1/runs/2/events -> 200 in 0.015s
2026-03-04T10:50:31Z [INFO] cryptotaxcalc.app: GET /api/v1/runs/2/events -> 200 in 0.016s
2026-03-04T10:50:31Z [INFO] cryptotaxcalc.app: GET /api/v1/runs/2/events -> 200 in 0.016s
2026-03-04T10:50:31Z [INFO] cryptotaxcalc.app: GET /api/v1/runs/2/events -> 200 in 0.017s
2026-03-04T10:50:31Z [INFO] cryptotaxcalc.app: GET /api/v1/runs/2/events -> 200 in 0.017s
2026-03-04T10:50:31Z [INFO] cryptotaxcalc.app: GET /api/v1/runs/2/events -> 200 in 0.016s
2026-03-04T10:50:31Z [INFO] cryptotaxcalc.app: GET /api/v1/runs/2/events -> 200 in 0.016s
2026-03-04T10:50:31Z [INFO] cryptotaxcalc.app: GET /api/v1/runs/2/events -> 200 in 0.016s
2026-03-04T10:50:31Z [INFO] cryptotaxcalc.app: GET /api/v1/runs/2/events -> 200 in 0.017s
2026-03-04T10:50:31Z [INFO] cryptotaxcalc.app: GET /api/v1/runs/2/events -> 200 in 0.016s
2026-03-04T10:50:31Z [INFO] cryptotaxcalc.app: GET /api/v1/runs/2/events -> 200 in 0.016s
2026-03-04T10:50:31Z [INFO] cryptotaxcalc.app: GET /api/v1/runs/2/events -> 200 in 0.017s
2026-03-04T10:50:31Z [INFO] cryptotaxcalc.app: GET /api/v1/runs/2/events -> 200 in 0.016s
2026-03-04T10:50:31Z [INFO] cryptotaxcalc.app: GET /api/v1/runs/2/events -> 200 in 0.017s
2026-03-04T10:50:31Z [INFO] cryptotaxcalc.app: GET /api/v1/runs/2/events -> 200 in 0.017s
2026-03-04T10:50:31Z [INFO] cryptotaxcalc.app: GET /api/v1/runs/2/events -> 200 in 0.017s
2026-03-04T10:50:31Z [INFO] cryptotaxcalc.app: GET /api/v1/runs/2/events -> 200 in 0.017s
2026-03-04T10:50:31Z [INFO] cryptotaxcalc.app: GET /api/v1/runs/2/events -> 200 in 0.017s
2026-03-04T10:50:31Z [INFO] cryptotaxcalc.app: GET /api/v1/runs/2/events -> 200 in 0.017s
2026-03-04T10:50:31Z [INFO] cryptotaxcalc.app: GET /api/v1/runs/2/events -> 200 in 0.018s
2026-03-04T10:50:31Z [INFO] cryptotaxcalc.app: GET /api/v1/runs/2/events -> 200 in 0.019s
2026-03-04T10:50:31Z [INFO] cryptotaxcalc.app: GET /api/v1/runs/2/events -> 200 in 0.018s
2026-03-04T10:50:31Z [INFO] cryptotaxcalc.app: GET /api/v1/runs/2/events -> 200 in 0.017s
2026-03-04T10:50:31Z [INFO] cryptotaxcalc.app: GET /api/v1/runs/2/events -> 200 in 0.018s
2026-03-04T10:50:31Z [INFO] cryptotaxcalc.app: GET /api/v1/runs/2/events -> 200 in 0.018s
2026-03-04T10:50:31Z [INFO] cryptotaxcalc.app: GET /api/v1/runs/2/events -> 200 in 0.018s
2026-03-04T10:50:31Z [INFO] cryptotaxcalc.app: GET /api/v1/runs/2/events -> 200 in 0.019s
2026-03-04T10:50:31Z [INFO] cryptotaxcalc.app: GET /api/v1/runs/2/events -> 200 in 0.02s
2026-03-04T10:50:31Z [INFO] cryptotaxcalc.app: GET /api/v1/runs/2/events -> 200 in 0.021s
2026-03-04T10:50:31Z [INFO] cryptotaxcalc.app: GET /api/v1/runs/2/events -> 200 in 0.02s
2026-03-04T10:50:31Z [INFO] cryptotaxcalc.app: GET /api/v1/runs/2/events -> 200 in 0.02s
2026-03-04T10:50:31Z [INFO] cryptotaxcalc.app: GET /api/v1/runs/2/events -> 200 in 0.02s
2026-03-04T10:50:31Z [INFO] cryptotaxcalc.app: GET /api/v1/runs/2/events -> 200 in 0.02s
2026-03-04T10:50:31Z [INFO] cryptotaxcalc.app: GET /api/v1/runs/2/events -> 200 in 0.019s
2026-03-04T10:50:31Z [INFO] cryptotaxcalc.app: GET /api/v1/runs/2/events -> 200 in 0.02s
2026-03-04T10:50:31Z [INFO] cryptotaxcalc.app: GET /api/v1/runs/2/events -> 200 in 0.02s
2026-03-04T10:50:31Z [INFO] cryptotaxcalc.app: GET /api/v1/runs/2/events -> 200 in 0.02s
2026-03-04T10:50:31Z [INFO] cryptotaxcalc.app: GET /api/v1/runs/2/events -> 200 in 0.021s
2026-03-04T10:50:31Z [INFO] cryptotaxcalc.app: GET /api/v1/runs/2/events -> 200 in 0.02s
2026-03-04T10:50:31Z [INFO] cryptotaxcalc.app: GET /api/v1/runs/2/events -> 200 in 0.02s
2026-03-04T10:50:31Z [INFO] cryptotaxcalc.app: GET /api/v1/runs/2/events -> 200 in 0.026s
2026-03-04T10:50:32Z [INFO] cryptotaxcalc.app: GET /api/v1/runs/2/events -> 200 in 0.027s
2026-03-04T10:50:32Z [INFO] cryptotaxcalc.app: GET /api/v1/runs/2/events -> 200 in 0.028s
2026-03-04T10:50:32Z [INFO] cryptotaxcalc.app: GET /api/v1/runs/2/events -> 200 in 0.021s
2026-03-04T10:50:32Z [INFO] cryptotaxcalc.app: GET /api/v1/runs/2/events -> 200 in 0.023s
2026-03-04T10:50:32Z [INFO] cryptotaxcalc.app: GET /api/v1/runs/2/events -> 200 in 0.023s
2026-03-04T10:50:32Z [INFO] cryptotaxcalc.app: GET /api/v1/runs/2/events -> 200 in 0.022s
2026-03-04T10:50:32Z [INFO] cryptotaxcalc.app: GET /api/v1/runs/2/events -> 200 in 0.023s
2026-03-04T10:50:32Z [INFO] cryptotaxcalc.app: GET /api/v1/runs/2/events -> 200 in 0.022s
2026-03-04T10:50:32Z [INFO] cryptotaxcalc.app: GET /api/v1/runs/2/events -> 200 in 0.023s
2026-03-04T10:50:32Z [INFO] cryptotaxcalc.app: GET /api/v1/runs/2/events -> 200 in 0.023s
2026-03-04T10:50:32Z [INFO] cryptotaxcalc.app: GET /api/v1/runs/2/events -> 200 in 0.024s
2026-03-04T10:50:32Z [INFO] cryptotaxcalc.app: GET /api/v1/runs/2/events -> 200 in 0.024s
2026-03-04T10:50:32Z [INFO] cryptotaxcalc.app: GET /api/v1/runs/2/events -> 200 in 0.02s
2026-03-04T10:50:39Z [INFO] cryptotaxcalc.app: POST /export/workspace_summary/2.pdf/job -> 409 in 0.005s
2026-03-04T10:50:41Z [INFO] cryptotaxcalc.app: POST /export/workspace_summary/2.pdf/job -> 200 in 0.006s
2026-03-04T10:50:41Z [INFO] cryptotaxcalc.app: GET /export/pdf_job/dedc7decd10d41f3b8e869a39caf94a6 -> 200 in 0.001s
2026-03-04T10:50:41Z [INFO] cryptotaxcalc.app: GET /export/pdf_job/dedc7decd10d41f3b8e869a39caf94a6 -> 200 in 0.001s
2026-03-04T10:50:42Z [INFO] cryptotaxcalc.app: GET /export/pdf_job/dedc7decd10d41f3b8e869a39caf94a6 -> 200 in 0.048s
2026-03-04T10:50:42Z [INFO] cryptotaxcalc.app: GET /export/pdf_job/dedc7decd10d41f3b8e869a39caf94a6 -> 200 in 0.062s
2026-03-04T10:50:43Z [INFO] cryptotaxcalc.app: GET /export/pdf_job/dedc7decd10d41f3b8e869a39caf94a6 -> 200 in 0.078s
2026-03-04T10:50:44Z [INFO] cryptotaxcalc.app: GET /export/pdf_job/dedc7decd10d41f3b8e869a39caf94a6 -> 200 in 0.077s
2026-03-04T10:50:44Z [INFO] cryptotaxcalc.app: GET /export/pdf_job/dedc7decd10d41f3b8e869a39caf94a6 -> 200 in 0.046s
2026-03-04T10:50:45Z [INFO] cryptotaxcalc.app: GET /export/pdf_job/dedc7decd10d41f3b8e869a39caf94a6 -> 200 in 0.031s
2026-03-04T10:50:46Z [INFO] cryptotaxcalc.app: GET /export/pdf_job/dedc7decd10d41f3b8e869a39caf94a6 -> 200 in 0.031s
2026-03-04T10:50:47Z [INFO] cryptotaxcalc.app: GET /export/pdf_job/dedc7decd10d41f3b8e869a39caf94a6 -> 200 in 0.077s
2026-03-04T10:50:47Z [INFO] cryptotaxcalc.app: GET /export/pdf_job/dedc7decd10d41f3b8e869a39caf94a6 -> 200 in 0.062s
2026-03-04T10:50:48Z [INFO] cryptotaxcalc.app: GET /export/pdf_job/dedc7decd10d41f3b8e869a39caf94a6 -> 200 in 0.062s
2026-03-04T10:50:49Z [INFO] cryptotaxcalc.app: GET /export/pdf_job/dedc7decd10d41f3b8e869a39caf94a6 -> 200 in 0.063s
2026-03-04T10:50:49Z [INFO] cryptotaxcalc.app: GET /export/pdf_job/dedc7decd10d41f3b8e869a39caf94a6 -> 200 in 0.093s
2026-03-04T10:50:50Z [INFO] cryptotaxcalc.app: GET /export/pdf_job/dedc7decd10d41f3b8e869a39caf94a6 -> 200 in 0.079s
2026-03-04T10:50:51Z [INFO] cryptotaxcalc.app: GET /export/pdf_job/dedc7decd10d41f3b8e869a39caf94a6 -> 200 in 0.095s
2026-03-04T10:50:51Z [INFO] cryptotaxcalc.app: GET /export/pdf_job/dedc7decd10d41f3b8e869a39caf94a6 -> 200 in 0.001s
2026-03-04T10:50:56Z [INFO] cryptotaxcalc.app: GET /export/workspace_summary/2.pdf -> 200 in 0.018s
2026-03-04T10:50:56Z [INFO] cryptotaxcalc.app: GET /favicon.ico -> 200 in 0.002s
