C:\Users\picci\Desktop\CryptoTaxCalc\.venv\Lib\site-packages\altgraph\__init__.py:142: UserWarning: pkg_resources is deprecated as an API. See https://setuptools.pypa.io/en/latest/pkg_resources.html. The pkg_resources package is slated for removal as early as 2025-11-30. Refrain from using this package or pin to Setuptools<81.
  import pkg_resources
205 INFO: PyInstaller: 6.10.0, contrib hooks: 2025.9
205 INFO: Python: 3.12.10
242 INFO: Platform: Windows-11-10.0.26200-SP0
242 INFO: Python environment: C:\Users\picci\Desktop\CryptoTaxCalc\.venv
243 INFO: wrote C:\Users\picci\Desktop\CryptoTaxCalc\CryptoTaxCalc_Demo.spec
244 INFO: Removing temporary files and cleaning cache in C:\Users\picci\AppData\Local\pyinstaller
254 INFO: Module search paths (PYTHONPATH):
['C:\\Users\\picci\\Desktop\\CryptoTaxCalc',
 'C:\\Users\\picci\\AppData\\Local\\Programs\\Python\\Python312\\python312.zip',
 'C:\\Users\\picci\\AppData\\Local\\Programs\\Python\\Python312\\DLLs',
 'C:\\Users\\picci\\AppData\\Local\\Programs\\Python\\Python312\\Lib',
 'C:\\Users\\picci\\AppData\\Local\\Programs\\Python\\Python312',
 'C:\\Users\\picci\\Desktop\\CryptoTaxCalc\\.venv',
 'C:\\Users\\picci\\Desktop\\CryptoTaxCalc\\.venv\\Lib\\site-packages',
 'C:\\Users\\picci\\Desktop\\CryptoTaxCalc\\src',
 'C:\\Users\\picci\\Desktop\\CryptoTaxCalc\\.venv\\Lib\\site-packages\\setuptools\\_vendor',
 'C:\\Users\\picci\\Desktop\\CryptoTaxCalc\\src',
 'C:\\Users\\picci\\Desktop\\CryptoTaxCalc\\src']
518 INFO: Appending 'datas' from .spec
523 INFO: checking Analysis
523 INFO: Building Analysis because Analysis-00.toc is non existent
523 INFO: Running Analysis Analysis-00.toc
523 INFO: Target bytecode optimization level: 0
523 INFO: Initializing module dependency graph...
524 INFO: Caching module graph hooks...
538 INFO: Analyzing base_library.zip ...
C:\Users\picci\Desktop\CryptoTaxCalc\.venv\Lib\site-packages\altgraph\__init__.py:142: UserWarning: pkg_resources is deprecated as an API. See https://setuptools.pypa.io/en/latest/pkg_resources.html. The pkg_resources package is slated for removal as early as 2025-11-30. Refrain from using this package or pin to Setuptools<81.
  import pkg_resources
C:\Users\picci\Desktop\CryptoTaxCalc\.venv\Lib\site-packages\altgraph\__init__.py:142: UserWarning: pkg_resources is deprecated as an API. See https://setuptools.pypa.io/en/latest/pkg_resources.html. The pkg_resources package is slated for removal as early as 2025-11-30. Refrain from using this package or pin to Setuptools<81.
  import pkg_resources
C:\Users\picci\Desktop\CryptoTaxCalc\.venv\Lib\site-packages\altgraph\__init__.py:142: UserWarning: pkg_resources is deprecated as an API. See https://setuptools.pypa.io/en/latest/pkg_resources.html. The pkg_resources package is slated for removal as early as 2025-11-30. Refrain from using this package or pin to Setuptools<81.
  import pkg_resources
1647 INFO: Processing standard module hook 'hook-encodings.py' from 'C:\\Users\\picci\\Desktop\\CryptoTaxCalc\\.venv\\Lib\\site-packages\\PyInstaller\\hooks'
C:\Users\picci\Desktop\CryptoTaxCalc\.venv\Lib\site-packages\altgraph\__init__.py:142: UserWarning: pkg_resources is deprecated as an API. See https://setuptools.pypa.io/en/latest/pkg_resources.html. The pkg_resources package is slated for removal as early as 2025-11-30. Refrain from using this package or pin to Setuptools<81.
  import pkg_resources
3146 INFO: Processing standard module hook 'hook-pickle.py' from 'C:\\Users\\picci\\Desktop\\CryptoTaxCalc\\.venv\\Lib\\site-packages\\PyInstaller\\hooks'
3938 INFO: Processing standard module hook 'hook-heapq.py' from 'C:\\Users\\picci\\Desktop\\CryptoTaxCalc\\.venv\\Lib\\site-packages\\PyInstaller\\hooks'
4329 INFO: Caching module dependency graph...
4457 INFO: Looking for Python shared library...
4493 INFO: Using Python shared library: C:\Users\picci\AppData\Local\Programs\Python\Python312\python312.dll
4493 INFO: Analyzing C:\Users\picci\Desktop\CryptoTaxCalc\src\cryptotaxcalc\demo_launcher.py
4530 INFO: Processing standard module hook 'hook-uvicorn.py' from 'C:\\Users\\picci\\Desktop\\CryptoTaxCalc\\.venv\\Lib\\site-packages\\_pyinstaller_hooks_contrib\\stdhooks'
C:\Users\picci\Desktop\CryptoTaxCalc\.venv\Lib\site-packages\altgraph\__init__.py:142: UserWarning: pkg_resources is deprecated as an API. See https://setuptools.pypa.io/en/latest/pkg_resources.html. The pkg_resources package is slated for removal as early as 2025-11-30. Refrain from using this package or pin to Setuptools<81.
  import pkg_resources
5091 INFO: Processing standard module hook 'hook-multiprocessing.util.py' from 'C:\\Users\\picci\\Desktop\\CryptoTaxCalc\\.venv\\Lib\\site-packages\\PyInstaller\\hooks'
5228 INFO: Processing standard module hook 'hook-xml.py' from 'C:\\Users\\picci\\Desktop\\CryptoTaxCalc\\.venv\\Lib\\site-packages\\PyInstaller\\hooks'
6046 INFO: Processing pre-safe-import-module hook 'hook-typing_extensions.py' from 'C:\\Users\\picci\\Desktop\\CryptoTaxCalc\\.venv\\Lib\\site-packages\\PyInstaller\\hooks\\pre_safe_import_module'
6047 INFO: SetuptoolsInfo: initializing cached setuptools info...
C:\Users\picci\Desktop\CryptoTaxCalc\.venv\Lib\site-packages\altgraph\__init__.py:142: UserWarning: pkg_resources is deprecated as an API. See https://setuptools.pypa.io/en/latest/pkg_resources.html. The pkg_resources package is slated for removal as early as 2025-11-30. Refrain from using this package or pin to Setuptools<81.
  import pkg_resources
9855 INFO: Processing standard module hook 'hook-platform.py' from 'C:\\Users\\picci\\Desktop\\CryptoTaxCalc\\.venv\\Lib\\site-packages\\PyInstaller\\hooks'
9917 INFO: Processing standard module hook 'hook-difflib.py' from 'C:\\Users\\picci\\Desktop\\CryptoTaxCalc\\.venv\\Lib\\site-packages\\PyInstaller\\hooks'
10333 INFO: Processing standard module hook 'hook-websockets.py' from 'C:\\Users\\picci\\Desktop\\CryptoTaxCalc\\.venv\\Lib\\site-packages\\_pyinstaller_hooks_contrib\\stdhooks'
C:\Users\picci\Desktop\CryptoTaxCalc\.venv\Lib\site-packages\altgraph\__init__.py:142: UserWarning: pkg_resources is deprecated as an API. See https://setuptools.pypa.io/en/latest/pkg_resources.html. The pkg_resources package is slated for removal as early as 2025-11-30. Refrain from using this package or pin to Setuptools<81.
  import pkg_resources
11194 INFO: Processing standard module hook 'hook-anyio.py' from 'C:\\Users\\picci\\Desktop\\CryptoTaxCalc\\.venv\\Lib\\site-packages\\_pyinstaller_hooks_contrib\\stdhooks'
C:\Users\picci\Desktop\CryptoTaxCalc\.venv\Lib\site-packages\altgraph\__init__.py:142: UserWarning: pkg_resources is deprecated as an API. See https://setuptools.pypa.io/en/latest/pkg_resources.html. The pkg_resources package is slated for removal as early as 2025-11-30. Refrain from using this package or pin to Setuptools<81.
  import pkg_resources
12130 INFO: Processing standard module hook 'hook-sqlalchemy.py' from 'C:\\Users\\picci\\Desktop\\CryptoTaxCalc\\.venv\\Lib\\site-packages\\PyInstaller\\hooks'
12618 INFO: Processing pre-safe-import-module hook 'hook-importlib_metadata.py' from 'C:\\Users\\picci\\Desktop\\CryptoTaxCalc\\.venv\\Lib\\site-packages\\PyInstaller\\hooks\\pre_safe_import_module'
12618 INFO: Setuptools: 'importlib_metadata' appears to be a setuptools-vendored copy - creating alias to 'setuptools._vendor.importlib_metadata'!
12624 INFO: Processing standard module hook 'hook-setuptools.py' from 'C:\\Users\\picci\\Desktop\\CryptoTaxCalc\\.venv\\Lib\\site-packages\\PyInstaller\\hooks'
12640 INFO: Processing pre-safe-import-module hook 'hook-distutils.py' from 'C:\\Users\\picci\\Desktop\\CryptoTaxCalc\\.venv\\Lib\\site-packages\\PyInstaller\\hooks\\pre_safe_import_module'
12680 INFO: Processing standard module hook 'hook-sysconfig.py' from 'C:\\Users\\picci\\Desktop\\CryptoTaxCalc\\.venv\\Lib\\site-packages\\PyInstaller\\hooks'
12685 INFO: Processing pre-safe-import-module hook 'hook-jaraco.functools.py' from 'C:\\Users\\picci\\Desktop\\CryptoTaxCalc\\.venv\\Lib\\site-packages\\PyInstaller\\hooks\\pre_safe_import_module'
12685 INFO: Setuptools: 'jaraco.functools' appears to be a setuptools-vendored copy - creating alias to 'setuptools._vendor.jaraco.functools'!
12692 INFO: Processing pre-safe-import-module hook 'hook-more_itertools.py' from 'C:\\Users\\picci\\Desktop\\CryptoTaxCalc\\.venv\\Lib\\site-packages\\PyInstaller\\hooks\\pre_safe_import_module'
12693 INFO: Setuptools: 'more_itertools' appears to be a setuptools-vendored copy - creating alias to 'setuptools._vendor.more_itertools'!
12869 INFO: Processing pre-safe-import-module hook 'hook-packaging.py' from 'C:\\Users\\picci\\Desktop\\CryptoTaxCalc\\.venv\\Lib\\site-packages\\PyInstaller\\hooks\\pre_safe_import_module'
12878 INFO: Processing standard module hook 'hook-packaging.py' from 'C:\\Users\\picci\\Desktop\\CryptoTaxCalc\\.venv\\Lib\\site-packages\\PyInstaller\\hooks'
13029 INFO: Processing pre-safe-import-module hook 'hook-jaraco.text.py' from 'C:\\Users\\picci\\Desktop\\CryptoTaxCalc\\.venv\\Lib\\site-packages\\PyInstaller\\hooks\\pre_safe_import_module'
13029 INFO: Setuptools: 'jaraco.text' appears to be a setuptools-vendored copy - creating alias to 'setuptools._vendor.jaraco.text'!
13037 INFO: Processing pre-safe-import-module hook 'hook-importlib_resources.py' from 'C:\\Users\\picci\\Desktop\\CryptoTaxCalc\\.venv\\Lib\\site-packages\\PyInstaller\\hooks\\pre_safe_import_module'
13039 INFO: Processing pre-safe-import-module hook 'hook-jaraco.context.py' from 'C:\\Users\\picci\\Desktop\\CryptoTaxCalc\\.venv\\Lib\\site-packages\\PyInstaller\\hooks\\pre_safe_import_module'
13039 INFO: Setuptools: 'jaraco.context' appears to be a setuptools-vendored copy - creating alias to 'setuptools._vendor.jaraco.context'!
13046 INFO: Processing pre-safe-import-module hook 'hook-backports.tarfile.py' from 'C:\\Users\\picci\\Desktop\\CryptoTaxCalc\\.venv\\Lib\\site-packages\\PyInstaller\\hooks\\pre_safe_import_module'
13047 INFO: Setuptools: 'backports.tarfile' appears to be a setuptools-vendored copy - creating alias to 'setuptools._vendor.backports.tarfile'!
13157 INFO: Processing standard module hook 'hook-backports.py' from 'C:\\Users\\picci\\Desktop\\CryptoTaxCalc\\.venv\\Lib\\site-packages\\_pyinstaller_hooks_contrib\\stdhooks'
13379 INFO: Processing pre-safe-import-module hook 'hook-tomli.py' from 'C:\\Users\\picci\\Desktop\\CryptoTaxCalc\\.venv\\Lib\\site-packages\\PyInstaller\\hooks\\pre_safe_import_module'
13380 INFO: Setuptools: 'tomli' appears to be a setuptools-vendored copy - creating alias to 'setuptools._vendor.tomli'!
13787 INFO: Processing pre-safe-import-module hook 'hook-wheel.py' from 'C:\\Users\\picci\\Desktop\\CryptoTaxCalc\\.venv\\Lib\\site-packages\\PyInstaller\\hooks\\pre_safe_import_module'
13944 INFO: Processing pre-safe-import-module hook 'hook-zipp.py' from 'C:\\Users\\picci\\Desktop\\CryptoTaxCalc\\.venv\\Lib\\site-packages\\PyInstaller\\hooks\\pre_safe_import_module'
13944 INFO: Setuptools: 'zipp' appears to be a setuptools-vendored copy - creating alias to 'setuptools._vendor.zipp'!
16931 INFO: Processing standard module hook 'hook-sqlite3.py' from 'C:\\Users\\picci\\Desktop\\CryptoTaxCalc\\.venv\\Lib\\site-packages\\PyInstaller\\hooks'
C:\Users\picci\Desktop\CryptoTaxCalc\.venv\Lib\site-packages\altgraph\__init__.py:142: UserWarning: pkg_resources is deprecated as an API. See https://setuptools.pypa.io/en/latest/pkg_resources.html. The pkg_resources package is slated for removal as early as 2025-11-30. Refrain from using this package or pin to Setuptools<81.
  import pkg_resources
17635 INFO: Processing standard module hook 'hook-pydantic.py' from 'C:\\Users\\picci\\Desktop\\CryptoTaxCalc\\.venv\\Lib\\site-packages\\_pyinstaller_hooks_contrib\\stdhooks'
C:\Users\picci\Desktop\CryptoTaxCalc\.venv\Lib\site-packages\altgraph\__init__.py:142: UserWarning: pkg_resources is deprecated as an API. See https://setuptools.pypa.io/en/latest/pkg_resources.html. The pkg_resources package is slated for removal as early as 2025-11-30. Refrain from using this package or pin to Setuptools<81.
  import pkg_resources
18337 INFO: Processing standard module hook 'hook-zoneinfo.py' from 'C:\\Users\\picci\\Desktop\\CryptoTaxCalc\\.venv\\Lib\\site-packages\\_pyinstaller_hooks_contrib\\stdhooks'
19641 INFO: Processing standard module hook 'hook-jinja2.py' from 'C:\\Users\\picci\\Desktop\\CryptoTaxCalc\\.venv\\Lib\\site-packages\\_pyinstaller_hooks_contrib\\stdhooks'
20369 INFO: Processing standard module hook 'hook-reportlab.lib.utils.py' from 'C:\\Users\\picci\\Desktop\\CryptoTaxCalc\\.venv\\Lib\\site-packages\\_pyinstaller_hooks_contrib\\stdhooks'
20403 INFO: Processing standard module hook 'hook-PIL.py' from 'C:\\Users\\picci\\Desktop\\CryptoTaxCalc\\.venv\\Lib\\site-packages\\PyInstaller\\hooks'
20492 INFO: Processing standard module hook 'hook-PIL.Image.py' from 'C:\\Users\\picci\\Desktop\\CryptoTaxCalc\\.venv\\Lib\\site-packages\\PyInstaller\\hooks'
C:\Users\picci\Desktop\CryptoTaxCalc\.venv\Lib\site-packages\altgraph\__init__.py:142: UserWarning: pkg_resources is deprecated as an API. See https://setuptools.pypa.io/en/latest/pkg_resources.html. The pkg_resources package is slated for removal as early as 2025-11-30. Refrain from using this package or pin to Setuptools<81.
  import pkg_resources
20830 INFO: Processing standard module hook 'hook-numpy.py' from 'C:\\Users\\picci\\Desktop\\CryptoTaxCalc\\.venv\\Lib\\site-packages\\numpy\\_pyinstaller'
22039 INFO: Processing standard module hook 'hook-psutil.py' from 'C:\\Users\\picci\\Desktop\\CryptoTaxCalc\\.venv\\Lib\\site-packages\\_pyinstaller_hooks_contrib\\stdhooks'
22770 INFO: Processing standard module hook 'hook-charset_normalizer.py' from 'C:\\Users\\picci\\Desktop\\CryptoTaxCalc\\.venv\\Lib\\site-packages\\_pyinstaller_hooks_contrib\\stdhooks'
23061 INFO: Processing standard module hook 'hook-xml.etree.cElementTree.py' from 'C:\\Users\\picci\\Desktop\\CryptoTaxCalc\\.venv\\Lib\\site-packages\\PyInstaller\\hooks'
23216 INFO: Processing standard module hook 'hook-PIL.ImageFilter.py' from 'C:\\Users\\picci\\Desktop\\CryptoTaxCalc\\.venv\\Lib\\site-packages\\PyInstaller\\hooks'
23526 INFO: Processing standard module hook 'hook-reportlab.pdfbase._fontdata.py' from 'C:\\Users\\picci\\Desktop\\CryptoTaxCalc\\.venv\\Lib\\site-packages\\_pyinstaller_hooks_contrib\\stdhooks'
C:\Users\picci\Desktop\CryptoTaxCalc\.venv\Lib\site-packages\altgraph\__init__.py:142: UserWarning: pkg_resources is deprecated as an API. See https://setuptools.pypa.io/en/latest/pkg_resources.html. The pkg_resources package is slated for removal as early as 2025-11-30. Refrain from using this package or pin to Setuptools<81.
  import pkg_resources
25309 INFO: Processing standard module hook 'hook-xml.dom.domreg.py' from 'C:\\Users\\picci\\Desktop\\CryptoTaxCalc\\.venv\\Lib\\site-packages\\PyInstaller\\hooks'
25476 INFO: Processing standard module hook 'hook-matplotlib.py' from 'C:\\Users\\picci\\Desktop\\CryptoTaxCalc\\.venv\\Lib\\site-packages\\PyInstaller\\hooks'
25860 INFO: Processing pre-safe-import-module hook 'hook-gi.py' from 'C:\\Users\\picci\\Desktop\\CryptoTaxCalc\\.venv\\Lib\\site-packages\\PyInstaller\\hooks\\pre_safe_import_module'
26747 INFO: Processing standard module hook 'hook-matplotlib.backends.py' from 'C:\\Users\\picci\\Desktop\\CryptoTaxCalc\\.venv\\Lib\\site-packages\\PyInstaller\\hooks'
27762 INFO: Processing standard module hook 'hook-dateutil.py' from 'C:\\Users\\picci\\Desktop\\CryptoTaxCalc\\.venv\\Lib\\site-packages\\_pyinstaller_hooks_contrib\\stdhooks'
27839 INFO: Processing pre-safe-import-module hook 'hook-six.moves.py' from 'C:\\Users\\picci\\Desktop\\CryptoTaxCalc\\.venv\\Lib\\site-packages\\PyInstaller\\hooks\\pre_safe_import_module'
29062 INFO: Processing standard module hook 'hook-certifi.py' from 'C:\\Users\\picci\\Desktop\\CryptoTaxCalc\\.venv\\Lib\\site-packages\\_pyinstaller_hooks_contrib\\stdhooks'
29099 INFO: Processing standard module hook 'hook-urllib3.py' from 'C:\\Users\\picci\\Desktop\\CryptoTaxCalc\\.venv\\Lib\\site-packages\\_pyinstaller_hooks_contrib\\stdhooks'
29817 INFO: Processing module hooks (post-graph stage)...
30199 INFO: Processing standard module hook 'hook-matplotlib.backends.py' from 'C:\\Users\\picci\\Desktop\\CryptoTaxCalc\\.venv\\Lib\\site-packages\\PyInstaller\\hooks'
30199 INFO: Matplotlib backend selection method: automatic discovery of used backends
30223 INFO: Discovered Matplotlib backend(s) via `matplotlib.use()` call in module 'cryptotaxcalc.report_pdf': ['Agg']
30223 INFO: The following Matplotlib backends were discovered by scanning for `matplotlib.use()` calls: ['Agg']. If your backend of choice is not in this list, either add a `matplotlib.use()` call to your code, or configure the backend collection via hook options (see: https://pyinstaller.org/en/stable/hooks-config.html#matplotlib-hooks).
30223 INFO: Selected matplotlib backends: ['Agg']
30309 INFO: Processing standard module hook 'hook-pkg_resources.py' from 'C:\\Users\\picci\\Desktop\\CryptoTaxCalc\\.venv\\Lib\\site-packages\\PyInstaller\\hooks'
C:\Users\picci\Desktop\CryptoTaxCalc\.venv\Lib\site-packages\altgraph\__init__.py:142: UserWarning: pkg_resources is deprecated as an API. See https://setuptools.pypa.io/en/latest/pkg_resources.html. The pkg_resources package is slated for removal as early as 2025-11-30. Refrain from using this package or pin to Setuptools<81.
  import pkg_resources
30605 INFO: Processing pre-safe-import-module hook 'hook-platformdirs.py' from 'C:\\Users\\picci\\Desktop\\CryptoTaxCalc\\.venv\\Lib\\site-packages\\PyInstaller\\hooks\\pre_safe_import_module'
30614 INFO: Processing standard module hook 'hook-platformdirs.py' from 'C:\\Users\\picci\\Desktop\\CryptoTaxCalc\\.venv\\Lib\\site-packages\\_pyinstaller_hooks_contrib\\stdhooks'
30886 INFO: Processing standard module hook 'hook-PIL.SpiderImagePlugin.py' from 'C:\\Users\\picci\\Desktop\\CryptoTaxCalc\\.venv\\Lib\\site-packages\\PyInstaller\\hooks'
31028 INFO: Processing pre-safe-import-module hook 'hook-autocommand.py' from 'C:\\Users\\picci\\Desktop\\CryptoTaxCalc\\.venv\\Lib\\site-packages\\PyInstaller\\hooks\\pre_safe_import_module'
31028 INFO: Setuptools: 'autocommand' appears to be a setuptools-vendored copy - creating alias to 'setuptools._vendor.autocommand'!
31114 INFO: Processing pre-safe-import-module hook 'hook-typeguard.py' from 'C:\\Users\\picci\\Desktop\\CryptoTaxCalc\\.venv\\Lib\\site-packages\\PyInstaller\\hooks\\pre_safe_import_module'
31114 INFO: Setuptools: 'typeguard' appears to be a setuptools-vendored copy - creating alias to 'setuptools._vendor.typeguard'!
31681 INFO: Processing standard module hook 'hook-sqlalchemy.py' from 'C:\\Users\\picci\\Desktop\\CryptoTaxCalc\\.venv\\Lib\\site-packages\\PyInstaller\\hooks'
32023 WARNING: Hidden import "pysqlite2" not found!
32023 WARNING: Hidden import "MySQLdb" not found!
32024 WARNING: Hidden import "psycopg2" not found!
32856 INFO: Processing standard module hook 'hook-tzdata.py' from 'C:\\Users\\picci\\Desktop\\CryptoTaxCalc\\.venv\\Lib\\site-packages\\_pyinstaller_hooks_contrib\\stdhooks'
C:\Users\picci\Desktop\CryptoTaxCalc\.venv\Lib\site-packages\altgraph\__init__.py:142: UserWarning: pkg_resources is deprecated as an API. See https://setuptools.pypa.io/en/latest/pkg_resources.html. The pkg_resources package is slated for removal as early as 2025-11-30. Refrain from using this package or pin to Setuptools<81.
  import pkg_resources
33443 INFO: Performing binary vs. data reclassification (980 entries)
70398 INFO: Looking for ctypes DLLs
70467 INFO: Analyzing run-time hooks ...
70477 INFO: Including run-time hook 'pyi_rth_inspect.py' from 'C:\\Users\\picci\\Desktop\\CryptoTaxCalc\\.venv\\Lib\\site-packages\\PyInstaller\\hooks\\rthooks'
70478 INFO: Including run-time hook 'pyi_rth_pkgutil.py' from 'C:\\Users\\picci\\Desktop\\CryptoTaxCalc\\.venv\\Lib\\site-packages\\PyInstaller\\hooks\\rthooks'
70481 INFO: Including run-time hook 'pyi_rth_multiprocessing.py' from 'C:\\Users\\picci\\Desktop\\CryptoTaxCalc\\.venv\\Lib\\site-packages\\PyInstaller\\hooks\\rthooks'
70483 INFO: Including run-time hook 'pyi_rth_setuptools.py' from 'C:\\Users\\picci\\Desktop\\CryptoTaxCalc\\.venv\\Lib\\site-packages\\PyInstaller\\hooks\\rthooks'
70484 INFO: Including run-time hook 'pyi_rth_pkgres.py' from 'C:\\Users\\picci\\Desktop\\CryptoTaxCalc\\.venv\\Lib\\site-packages\\PyInstaller\\hooks\\rthooks'
70487 INFO: Including run-time hook 'pyi_rth_mplconfig.py' from 'C:\\Users\\picci\\Desktop\\CryptoTaxCalc\\.venv\\Lib\\site-packages\\PyInstaller\\hooks\\rthooks'
70488 INFO: Processing pre-find-module-path hook 'hook-_pyi_rth_utils.py' from 'C:\\Users\\picci\\Desktop\\CryptoTaxCalc\\.venv\\Lib\\site-packages\\PyInstaller\\hooks\\pre_find_module_path'
70490 INFO: Processing standard module hook 'hook-_pyi_rth_utils.py' from 'C:\\Users\\picci\\Desktop\\CryptoTaxCalc\\.venv\\Lib\\site-packages\\PyInstaller\\hooks'
70548 INFO: Looking for dynamic libraries
C:\Users\picci\Desktop\CryptoTaxCalc\.venv\Lib\site-packages\PyInstaller\building\build_main.py:207: UserWarning: pkg_resources is deprecated as an API. See https://setuptools.pypa.io/en/latest/pkg_resources.html. The pkg_resources package is slated for removal as early as 2025-11-30. Refrain from using this package or pin to Setuptools<81.
  __import__(package)
73826 INFO: Extra DLL search directories (AddDllDirectory): ['C:\\Users\\picci\\Desktop\\CryptoTaxCalc\\.venv\\Lib\\site-packages\\numpy.libs']
73826 INFO: Extra DLL search directories (PATH): []
90411 INFO: Warnings written to C:\Users\picci\Desktop\CryptoTaxCalc\build\CryptoTaxCalc_Demo\warn-CryptoTaxCalc_Demo.txt
90577 INFO: Graph cross-reference written to C:\Users\picci\Desktop\CryptoTaxCalc\build\CryptoTaxCalc_Demo\xref-CryptoTaxCalc_Demo.html
90651 INFO: checking PYZ
90652 INFO: Building PYZ because PYZ-00.toc is non existent
90652 INFO: Building PYZ (ZlibArchive) C:\Users\picci\Desktop\CryptoTaxCalc\build\CryptoTaxCalc_Demo\PYZ-00.pyz
93488 INFO: Building PYZ (ZlibArchive) C:\Users\picci\Desktop\CryptoTaxCalc\build\CryptoTaxCalc_Demo\PYZ-00.pyz completed successfully.
93683 INFO: checking PKG
93683 INFO: Building PKG because PKG-00.toc is non existent
93683 INFO: Building PKG (CArchive) CryptoTaxCalc_Demo.pkg
93711 INFO: Building PKG (CArchive) CryptoTaxCalc_Demo.pkg completed successfully.
93712 INFO: Bootloader C:\Users\picci\Desktop\CryptoTaxCalc\.venv\Lib\site-packages\PyInstaller\bootloader\Windows-64bit-intel\run.exe
93713 INFO: checking EXE
93713 INFO: Building EXE because EXE-00.toc is non existent
93713 INFO: Building EXE from EXE-00.toc
93713 INFO: Copying bootloader EXE to C:\Users\picci\Desktop\CryptoTaxCalc\build\CryptoTaxCalc_Demo\CryptoTaxCalc_Demo.exe
93717 INFO: Copying icon to EXE
93722 INFO: Copying 0 resources to EXE
93722 INFO: Embedding manifest in EXE
93726 INFO: Appending PKG archive to EXE
93740 INFO: Fixing EXE headers
93922 INFO: Building EXE from EXE-00.toc completed successfully.
93932 INFO: checking COLLECT
93932 INFO: Building COLLECT because COLLECT-00.toc is non existent
93932 INFO: Removing dir C:\Users\picci\Desktop\CryptoTaxCalc\dist\CryptoTaxCalc_Demo
94236 INFO: Building COLLECT COLLECT-00.toc
95721 INFO: Building COLLECT COLLECT-00.toc completed successfully.
