2025-11-06T11:25:53Z [INFO] cryptotaxcalc.pdf: Building summary PDF for run_id=1b706392-5e27-44ab-8585-aaf55746218c | title=Crypto Tax – FIFO Summary
2025-11-06T11:25:54Z [INFO] cryptotaxcalc.pdf: PDF built successfully: {'timestamp': '2025-11-06T10:25:53Z', 'run_id': '1b706392-5e27-44ab-8585-aaf55746218c', 'title': 'Crypto Tax – FIFO Summary', 'summary_sections': {'by_month': False, 'by_quote': True, 'by_asset': False, 'eur_summary': True, 'top_events': 2}, 'pdf_size_bytes': 1657524}
2025-11-08T01:05:44Z [INFO] cryptotaxcalc.pdf: Building summary PDF for run_id=4d5f6dbe-b947-42db-9bb4-766f28ed669c | title=Crypto Tax – FIFO Summary
2025-11-08T01:05:45Z [INFO] cryptotaxcalc.pdf: PDF built successfully: {'timestamp': '2025-11-08T00:05:44Z', 'run_id': '4d5f6dbe-b947-42db-9bb4-766f28ed669c', 'title': 'Crypto Tax – FIFO Summary', 'summary_sections': {'by_month': False, 'by_quote': True, 'by_asset': False, 'eur_summary': True, 'top_events': 2}, 'pdf_size_bytes': 1657489}
2025-11-08T01:15:08Z [INFO] cryptotaxcalc.pdf: Building summary PDF for run_id=4d5f6dbe-b947-42db-9bb4-766f28ed669c | title=Crypto Tax – FIFO Summary
2025-11-08T01:15:09Z [INFO] cryptotaxcalc.pdf: PDF built successfully: {'timestamp': '2025-11-08T00:15:08Z', 'run_id': '4d5f6dbe-b947-42db-9bb4-766f28ed669c', 'title': 'Crypto Tax – FIFO Summary', 'summary_sections': {'by_month': False, 'by_quote': True, 'by_asset': False, 'eur_summary': True, 'top_events': 2}, 'pdf_size_bytes': 1657489}
2025-11-08T01:15:55Z [INFO] cryptotaxcalc.pdf: Building summary PDF for run_id=45038246-e175-4d79-8c6e-adae93aaf2fb | title=Crypto Tax – FIFO Summary
2025-11-08T01:15:56Z [INFO] cryptotaxcalc.pdf: PDF built successfully: {'timestamp': '2025-11-08T00:15:55Z', 'run_id': '45038246-e175-4d79-8c6e-adae93aaf2fb', 'title': 'Crypto Tax – FIFO Summary', 'summary_sections': {'by_month': False, 'by_quote': True, 'by_asset': False, 'eur_summary': True, 'top_events': 2}, 'pdf_size_bytes': 1657489}
2025-11-08T01:22:30Z [INFO] cryptotaxcalc.pdf: Building summary PDF for run_id=6dccfa56-b588-4fa9-bd75-5b8fe94bf707 | title=Crypto Tax – FIFO Summary
2025-11-08T01:22:31Z [INFO] cryptotaxcalc.pdf: PDF built successfully: {'timestamp': '2025-11-08T00:22:30Z', 'run_id': '6dccfa56-b588-4fa9-bd75-5b8fe94bf707', 'title': 'Crypto Tax – FIFO Summary', 'summary_sections': {'by_month': False, 'by_quote': True, 'by_asset': False, 'eur_summary': True, 'top_events': 2}, 'pdf_size_bytes': 1657490}
2025-11-08T01:47:33Z [INFO] cryptotaxcalc.pdf: Building summary PDF for run_id=d5fe412b-80f1-402a-a0a7-c8d4d928b1c3 | title=Crypto Tax – FIFO Summary
2025-11-08T01:47:34Z [INFO] cryptotaxcalc.pdf: PDF built successfully: {'timestamp': '2025-11-08T00:47:33Z', 'run_id': 'd5fe412b-80f1-402a-a0a7-c8d4d928b1c3', 'title': 'Crypto Tax – FIFO Summary', 'summary_sections': {'by_month': False, 'by_quote': True, 'by_asset': False, 'eur_summary': True, 'top_events': 2}, 'pdf_size_bytes': 1657490}
2025-11-08T01:57:44Z [INFO] cryptotaxcalc.pdf: Building summary PDF for run_id=d9f939a5-ca68-42fc-8e43-07131633df86 | title=Crypto Tax – FIFO Summary
2025-11-08T01:57:45Z [INFO] cryptotaxcalc.pdf: PDF built successfully: {'timestamp': '2025-11-08T00:57:44Z', 'run_id': 'd9f939a5-ca68-42fc-8e43-07131633df86', 'title': 'Crypto Tax – FIFO Summary', 'summary_sections': {'by_month': False, 'by_quote': True, 'by_asset': False, 'eur_summary': True, 'top_events': 2}, 'pdf_size_bytes': 1657488}
2025-11-08T02:05:15Z [INFO] cryptotaxcalc.pdf: Building summary PDF for run_id=7cd412f0-5d89-4d26-8da3-41d2a05ac8f8 | title=Crypto Tax – FIFO Summary
2025-11-08T02:05:16Z [INFO] cryptotaxcalc.pdf: PDF built successfully: {'timestamp': '2025-11-08T01:05:15Z', 'run_id': '7cd412f0-5d89-4d26-8da3-41d2a05ac8f8', 'title': 'Crypto Tax – FIFO Summary', 'summary_sections': {'by_month': False, 'by_quote': True, 'by_asset': False, 'eur_summary': True, 'top_events': 2}, 'pdf_size_bytes': 1657490}
2025-11-08T02:15:59Z [INFO] cryptotaxcalc.pdf: Building summary PDF for run_id=a4eb18bb-ec7e-4f69-a58d-5b14e0d7821d | title=Crypto Tax – FIFO Summary
2025-11-08T02:16:00Z [INFO] cryptotaxcalc.pdf: PDF built successfully: {'timestamp': '2025-11-08T01:15:59Z', 'run_id': 'a4eb18bb-ec7e-4f69-a58d-5b14e0d7821d', 'title': 'Crypto Tax – FIFO Summary', 'summary_sections': {'by_month': False, 'by_quote': True, 'by_asset': False, 'eur_summary': True, 'top_events': 2}, 'pdf_size_bytes': 1657490}
2025-11-08T02:22:00Z [INFO] cryptotaxcalc.pdf: Building summary PDF for run_id=4f4aeb26-67be-417b-84a9-97bad3c5d36e | title=Crypto Tax – FIFO Summary
2025-11-08T02:22:01Z [INFO] cryptotaxcalc.pdf: PDF built successfully: {'timestamp': '2025-11-08T01:22:00Z', 'run_id': '4f4aeb26-67be-417b-84a9-97bad3c5d36e', 'title': 'Crypto Tax – FIFO Summary', 'summary_sections': {'by_month': False, 'by_quote': True, 'by_asset': False, 'eur_summary': True, 'top_events': 2}, 'pdf_size_bytes': 1657489}
2025-11-08T02:37:19Z [INFO] cryptotaxcalc.pdf: Building summary PDF for run_id=319cc9fd-cc47-459c-b44e-f96a8ca0d346 | title=Crypto Tax – FIFO Summary
2025-11-08T02:37:20Z [INFO] cryptotaxcalc.pdf: PDF built successfully: {'timestamp': '2025-11-08T01:37:19Z', 'run_id': '319cc9fd-cc47-459c-b44e-f96a8ca0d346', 'title': 'Crypto Tax – FIFO Summary', 'summary_sections': {'by_month': False, 'by_quote': True, 'by_asset': False, 'eur_summary': True, 'top_events': 2}, 'pdf_size_bytes': 1657489}
2025-11-08T02:48:53Z [INFO] cryptotaxcalc.pdf: Building summary PDF for run_id=fb75ea0c-ca08-423d-9981-f76374aec907 | title=Crypto Tax – FIFO Summary
2025-11-08T02:48:54Z [INFO] cryptotaxcalc.pdf: PDF built successfully: {'timestamp': '2025-11-08T01:48:53Z', 'run_id': 'fb75ea0c-ca08-423d-9981-f76374aec907', 'title': 'Crypto Tax – FIFO Summary', 'summary_sections': {'by_month': False, 'by_quote': True, 'by_asset': False, 'eur_summary': True, 'top_events': 2}, 'pdf_size_bytes': 1657510}
2025-11-08T02:51:53Z [INFO] cryptotaxcalc.pdf: Building summary PDF for run_id=60b88ad7-c6d0-462a-a362-f74f3f14d044 | title=Crypto Tax – FIFO Summary
2025-11-08T02:51:53Z [INFO] cryptotaxcalc.pdf: PDF built successfully: {'timestamp': '2025-11-08T01:51:53Z', 'run_id': '60b88ad7-c6d0-462a-a362-f74f3f14d044', 'title': 'Crypto Tax – FIFO Summary', 'summary_sections': {'by_month': False, 'by_quote': True, 'by_asset': False, 'eur_summary': True, 'top_events': 2}, 'pdf_size_bytes': 1657519}
2025-11-08T14:45:55Z [INFO] cryptotaxcalc.pdf: Building summary PDF for run_id=6caae803-65bc-44a4-8e77-634aa9b11f5e | title=Crypto Tax – FIFO Summary
2025-11-08T14:45:56Z [INFO] cryptotaxcalc.pdf: PDF built successfully: {'timestamp': '2025-11-08T13:45:55Z', 'run_id': '6caae803-65bc-44a4-8e77-634aa9b11f5e', 'title': 'Crypto Tax – FIFO Summary', 'summary_sections': {'by_month': False, 'by_quote': True, 'by_asset': False, 'eur_summary': True, 'top_events': 2}, 'pdf_size_bytes': 1657520}
2025-11-09T00:55:08Z [INFO] cryptotaxcalc.pdf: Building summary PDF for run_id=934e2f66-4752-4ce9-8dbd-dedb459c4945 | title=Crypto Tax – FIFO Summary
2025-11-09T00:55:09Z [INFO] cryptotaxcalc.pdf: PDF built successfully: {'timestamp': '2025-11-08T23:55:08Z', 'run_id': '934e2f66-4752-4ce9-8dbd-dedb459c4945', 'title': 'Crypto Tax – FIFO Summary', 'summary_sections': {'by_month': False, 'by_quote': True, 'by_asset': False, 'eur_summary': True, 'top_events': 2}, 'pdf_size_bytes': 1657521}
2025-11-09T01:33:18Z [INFO] cryptotaxcalc.pdf: Building summary PDF for run_id=9d669248-3d30-4a54-ae07-fda103c1ad5c | title=Crypto Tax – FIFO Summary
2025-11-09T01:33:19Z [INFO] cryptotaxcalc.pdf: PDF built successfully: {'timestamp': '2025-11-09T00:33:18Z', 'run_id': '9d669248-3d30-4a54-ae07-fda103c1ad5c', 'title': 'Crypto Tax – FIFO Summary', 'summary_sections': {'by_month': False, 'by_quote': True, 'by_asset': False, 'eur_summary': True, 'top_events': 2}, 'pdf_size_bytes': 1657513}
2025-11-09T08:26:36Z [INFO] cryptotaxcalc.pdf: Building summary PDF for run_id=e6eed1c9-7133-413b-bdaf-90ea17d9d1c8 | title=Crypto Tax – FIFO Summary
2025-11-09T08:26:37Z [INFO] cryptotaxcalc.pdf: PDF built successfully: {'timestamp': '2025-11-09T07:26:36Z', 'run_id': 'e6eed1c9-7133-413b-bdaf-90ea17d9d1c8', 'title': 'Crypto Tax – FIFO Summary', 'summary_sections': {'by_month': False, 'by_quote': True, 'by_asset': False, 'eur_summary': True, 'top_events': 4}, 'pdf_size_bytes': 1657641}
2025-11-10T10:55:04Z [INFO] cryptotaxcalc.pdf: Building summary PDF for run_id=8be11d9b-9f0f-4316-84e0-d87310d41dd9 | title=Crypto Tax – FIFO Summary
2025-11-10T10:55:05Z [INFO] cryptotaxcalc.pdf: PDF built successfully: {'timestamp': '2025-11-10T09:55:04Z', 'run_id': '8be11d9b-9f0f-4316-84e0-d87310d41dd9', 'title': 'Crypto Tax – FIFO Summary', 'summary_sections': {'by_month': False, 'by_quote': True, 'by_asset': False, 'eur_summary': True, 'top_events': 2}, 'pdf_size_bytes': 1657476}
2025-11-10T11:01:03Z [INFO] cryptotaxcalc.pdf: Building summary PDF for run_id=9295ac9e-db6d-4bad-ab7f-e97088955c12 | title=Crypto Tax – FIFO Summary
2025-11-10T11:01:03Z [INFO] cryptotaxcalc.pdf: PDF built successfully: {'timestamp': '2025-11-10T10:01:03Z', 'run_id': '9295ac9e-db6d-4bad-ab7f-e97088955c12', 'title': 'Crypto Tax – FIFO Summary', 'summary_sections': {'by_month': False, 'by_quote': True, 'by_asset': False, 'eur_summary': True, 'top_events': 4}, 'pdf_size_bytes': 1657600}
2025-11-10T22:41:08Z [INFO] cryptotaxcalc.pdf: Building summary PDF for run_id=d76f5bcc-9da8-41b2-910b-1e9c468e4e45 | title=Crypto Tax – FIFO Summary
2025-11-10T22:41:09Z [INFO] cryptotaxcalc.pdf: PDF built successfully: {'timestamp': '2025-11-10T21:41:08Z', 'run_id': 'd76f5bcc-9da8-41b2-910b-1e9c468e4e45', 'title': 'Crypto Tax – FIFO Summary', 'summary_sections': {'by_month': False, 'by_quote': True, 'by_asset': False, 'eur_summary': True, 'top_events': 2}, 'pdf_size_bytes': 1657478}
2025-11-11T19:30:10Z [INFO] cryptotaxcalc.pdf: Building summary PDF for run_id=76fcef6a-680e-4111-8899-a940c7de2338 | title=Crypto Tax – FIFO Summary
2025-11-11T19:30:10Z [INFO] cryptotaxcalc.pdf: PDF built successfully: {'timestamp': '2025-11-11T18:30:10Z', 'run_id': '76fcef6a-680e-4111-8899-a940c7de2338', 'title': 'Crypto Tax – FIFO Summary', 'summary_sections': {'by_month': False, 'by_quote': True, 'by_asset': False, 'eur_summary': True, 'top_events': 2}, 'pdf_size_bytes': 1657478}
2025-11-18T00:08:43Z [INFO] cryptotaxcalc.pdf: Building summary PDF for run_id=2938dabc-aef3-4c4e-98a5-d83691f78414 | title=Crypto Tax – FIFO Summary
2025-11-18T00:08:44Z [INFO] cryptotaxcalc.pdf: PDF built successfully: {'timestamp': '2025-11-17T23:08:43Z', 'run_id': '2938dabc-aef3-4c4e-98a5-d83691f78414', 'title': 'Crypto Tax – FIFO Summary', 'summary_sections': {'by_month': False, 'by_quote': True, 'by_asset': False, 'eur_summary': True, 'top_events': 4}, 'pdf_size_bytes': 1657599}
2025-11-18T08:28:15Z [INFO] cryptotaxcalc.pdf: Building summary PDF for run_id=2938dabc-aef3-4c4e-98a5-d83691f78414 | title=Crypto Tax – FIFO Summary
2025-11-18T08:28:16Z [INFO] cryptotaxcalc.pdf: PDF built successfully: {'timestamp': '2025-11-18T07:28:15Z', 'run_id': '2938dabc-aef3-4c4e-98a5-d83691f78414', 'title': 'Crypto Tax – FIFO Summary', 'summary_sections': {'by_month': False, 'by_quote': True, 'by_asset': False, 'eur_summary': True, 'top_events': 4}, 'pdf_size_bytes': 1657771}
2025-11-18T08:32:57Z [INFO] cryptotaxcalc.pdf: Building summary PDF for run_id=2938dabc-aef3-4c4e-98a5-d83691f78414 | title=Crypto Tax – FIFO Summary
2025-11-18T08:32:57Z [INFO] cryptotaxcalc.pdf: PDF built successfully: {'timestamp': '2025-11-18T07:32:57Z', 'run_id': '2938dabc-aef3-4c4e-98a5-d83691f78414', 'title': 'Crypto Tax – FIFO Summary', 'summary_sections': {'by_month': False, 'by_quote': True, 'by_asset': False, 'eur_summary': True, 'top_events': 4}, 'pdf_size_bytes': 1657923}
2025-11-18T08:38:12Z [INFO] cryptotaxcalc.pdf: Building summary PDF for run_id=2938dabc-aef3-4c4e-98a5-d83691f78414 | title=Crypto Tax – FIFO Summary
2025-11-18T08:38:12Z [WARNING] cryptotaxcalc.pdf: PDF generation failed: 'BodyText'
2025-11-18T08:50:17Z [INFO] cryptotaxcalc.pdf: Building summary PDF for run_id=2938dabc-aef3-4c4e-98a5-d83691f78414 | title=Crypto Tax – FIFO Summary
2025-11-18T08:50:18Z [INFO] cryptotaxcalc.pdf: PDF built successfully: {'timestamp': '2025-11-18T07:50:17Z', 'run_id': '2938dabc-aef3-4c4e-98a5-d83691f78414', 'title': 'Crypto Tax – FIFO Summary', 'summary_sections': {'by_month': False, 'by_quote': True, 'by_asset': False, 'eur_summary': True, 'top_events': 4}, 'pdf_size_bytes': 1659439}
2025-11-18T09:16:02Z [INFO] cryptotaxcalc.pdf: Building summary PDF for run_id=2938dabc-aef3-4c4e-98a5-d83691f78414 | title=Crypto Tax – FIFO Summary
2025-11-18T09:16:03Z [INFO] cryptotaxcalc.pdf: PDF built successfully: {'timestamp': '2025-11-18T08:16:02Z', 'run_id': '2938dabc-aef3-4c4e-98a5-d83691f78414', 'title': 'Crypto Tax – FIFO Summary', 'summary_sections': {'by_month': False, 'by_quote': True, 'by_asset': False, 'eur_summary': True, 'top_events': 4}, 'pdf_size_bytes': 1659543}
2025-11-18T09:30:43Z [INFO] cryptotaxcalc.pdf: Building summary PDF for run_id=db2ccb24-0201-4381-9811-537f9b6b72d0 | title=Crypto Tax – FIFO Summary
2025-11-18T09:30:44Z [INFO] cryptotaxcalc.pdf: PDF built successfully: {'timestamp': '2025-11-18T08:30:43Z', 'run_id': 'db2ccb24-0201-4381-9811-537f9b6b72d0', 'title': 'Crypto Tax – FIFO Summary', 'summary_sections': {'by_month': False, 'by_quote': True, 'by_asset': False, 'eur_summary': True, 'top_events': 4}, 'pdf_size_bytes': 1659612}
2025-11-18T09:40:09Z [INFO] cryptotaxcalc.pdf: Building summary PDF for run_id=db2ccb24-0201-4381-9811-537f9b6b72d0 | title=Crypto Tax – FIFO Summary
2025-11-18T09:40:10Z [INFO] cryptotaxcalc.pdf: PDF built successfully: {'timestamp': '2025-11-18T08:40:09Z', 'run_id': 'db2ccb24-0201-4381-9811-537f9b6b72d0', 'title': 'Crypto Tax – FIFO Summary', 'summary_sections': {'by_month': False, 'by_quote': True, 'by_asset': False, 'eur_summary': True, 'top_events': 4}, 'pdf_size_bytes': 1659593}
2025-11-18T09:55:45Z [INFO] cryptotaxcalc.pdf: Building summary PDF for run_id=db2ccb24-0201-4381-9811-537f9b6b72d0 | title=Crypto Tax – FIFO Summary
2025-11-18T09:55:46Z [INFO] cryptotaxcalc.pdf: PDF built successfully: {'timestamp': '2025-11-18T08:55:45Z', 'run_id': 'db2ccb24-0201-4381-9811-537f9b6b72d0', 'title': 'Crypto Tax – FIFO Summary', 'summary_sections': {'by_month': False, 'by_quote': True, 'by_asset': False, 'eur_summary': True, 'top_events': 4}, 'pdf_size_bytes': 1659628}
2025-11-18T10:33:21Z [INFO] cryptotaxcalc.pdf: Building summary PDF for run_id=db2ccb24-0201-4381-9811-537f9b6b72d0 | title=Crypto Tax – FIFO Summary
2025-11-18T10:33:22Z [INFO] cryptotaxcalc.pdf: PDF built successfully: {'timestamp': '2025-11-18T09:33:21Z', 'run_id': 'db2ccb24-0201-4381-9811-537f9b6b72d0', 'title': 'Crypto Tax – FIFO Summary', 'summary_sections': {'by_month': False, 'by_quote': True, 'by_asset': False, 'eur_summary': True, 'top_events': 4}, 'pdf_size_bytes': 1659628}
2025-11-18T10:35:02Z [INFO] cryptotaxcalc.pdf: Building summary PDF for run_id=559538cd-7c6d-432a-ae95-dfb2ab98cfb2 | title=Crypto Tax – FIFO Summary
2025-11-18T10:35:03Z [INFO] cryptotaxcalc.pdf: PDF built successfully: {'timestamp': '2025-11-18T09:35:02Z', 'run_id': '559538cd-7c6d-432a-ae95-dfb2ab98cfb2', 'title': 'Crypto Tax – FIFO Summary', 'summary_sections': {'by_month': False, 'by_quote': True, 'by_asset': False, 'eur_summary': True, 'top_events': 4}, 'pdf_size_bytes': 1659630}
2025-11-18T10:36:25Z [INFO] cryptotaxcalc.pdf: Building summary PDF for run_id=559538cd-7c6d-432a-ae95-dfb2ab98cfb2 | title=Crypto Tax – FIFO Summary
2025-11-18T10:36:26Z [INFO] cryptotaxcalc.pdf: PDF built successfully: {'timestamp': '2025-11-18T09:36:25Z', 'run_id': '559538cd-7c6d-432a-ae95-dfb2ab98cfb2', 'title': 'Crypto Tax – FIFO Summary', 'summary_sections': {'by_month': False, 'by_quote': True, 'by_asset': False, 'eur_summary': True, 'top_events': 4}, 'pdf_size_bytes': 1671280}
2025-11-18T10:58:37Z [INFO] cryptotaxcalc.pdf: Building summary PDF for run_id=fded5dbb-b639-425f-940f-9cbefcb176f9 | title=Crypto Tax – FIFO Summary
2025-11-18T10:58:37Z [WARNING] cryptotaxcalc.pdf: PDF generation failed: '>' not supported between instances of 'str' and 'int'
2025-11-18T11:31:31Z [INFO] cryptotaxcalc.pdf: Building summary PDF for run_id=fded5dbb-b639-425f-940f-9cbefcb176f9 | title=Crypto Tax – FIFO Summary
2025-11-18T11:31:32Z [INFO] cryptotaxcalc.pdf: PDF built successfully: {'timestamp': '2025-11-18T10:31:31Z', 'run_id': 'fded5dbb-b639-425f-940f-9cbefcb176f9', 'title': 'Crypto Tax – FIFO Summary', 'summary_sections': {'by_month': False, 'by_quote': True, 'by_asset': False, 'eur_summary': True, 'top_events': 4}, 'pdf_size_bytes': 1672274}
2025-11-18T11:42:39Z [INFO] cryptotaxcalc.pdf: Building summary PDF for run_id=fded5dbb-b639-425f-940f-9cbefcb176f9 | title=Crypto Tax – FIFO Summary
2025-11-18T11:42:40Z [INFO] cryptotaxcalc.pdf: PDF built successfully: {'timestamp': '2025-11-18T10:42:39Z', 'run_id': 'fded5dbb-b639-425f-940f-9cbefcb176f9', 'title': 'Crypto Tax – FIFO Summary', 'summary_sections': {'by_month': False, 'by_quote': True, 'by_asset': False, 'eur_summary': True, 'top_events': 4}, 'pdf_size_bytes': 1672144}
2025-11-18T11:47:07Z [INFO] cryptotaxcalc.pdf: Building summary PDF for run_id=fded5dbb-b639-425f-940f-9cbefcb176f9 | title=Crypto Tax – FIFO Summary
2025-11-18T11:47:08Z [INFO] cryptotaxcalc.pdf: PDF built successfully: {'timestamp': '2025-11-18T10:47:07Z', 'run_id': 'fded5dbb-b639-425f-940f-9cbefcb176f9', 'title': 'Crypto Tax – FIFO Summary', 'summary_sections': {'by_month': False, 'by_quote': True, 'by_asset': False, 'eur_summary': True, 'top_events': 4}, 'pdf_size_bytes': 1672148}
2025-11-18T12:34:21Z [INFO] cryptotaxcalc.pdf: Building summary PDF for run_id=fded5dbb-b639-425f-940f-9cbefcb176f9 | title=Crypto Tax – FIFO Summary
2025-11-18T12:34:23Z [INFO] cryptotaxcalc.pdf: PDF built successfully: {'timestamp': '2025-11-18T11:34:21Z', 'run_id': 'fded5dbb-b639-425f-940f-9cbefcb176f9', 'title': 'Crypto Tax – FIFO Summary', 'summary_sections': {'by_month': False, 'by_quote': True, 'by_asset': False, 'eur_summary': True, 'top_events': 4}, 'pdf_size_bytes': 1673929}
2025-11-18T12:46:37Z [INFO] cryptotaxcalc.pdf: Building summary PDF for run_id=fded5dbb-b639-425f-940f-9cbefcb176f9 | title=Crypto Tax – FIFO Summary
2025-11-18T12:46:37Z [WARNING] cryptotaxcalc.pdf: PDF generation failed: cannot access local variable 'methodology_points' where it is not associated with a value
2025-11-18T12:56:51Z [INFO] cryptotaxcalc.pdf: Building summary PDF for run_id=fded5dbb-b639-425f-940f-9cbefcb176f9 | title=Crypto Tax – FIFO Summary
2025-11-18T12:56:51Z [WARNING] cryptotaxcalc.pdf: PDF generation failed: name 'methodology_points' is not defined
2025-11-18T13:01:57Z [INFO] cryptotaxcalc.pdf: Building summary PDF for run_id=fded5dbb-b639-425f-940f-9cbefcb176f9 | title=Crypto Tax – FIFO Summary
2025-11-18T13:01:58Z [INFO] cryptotaxcalc.pdf: PDF built successfully: {'timestamp': '2025-11-18T12:01:57Z', 'run_id': 'fded5dbb-b639-425f-940f-9cbefcb176f9', 'title': 'Crypto Tax – FIFO Summary', 'summary_sections': {'by_month': False, 'by_quote': True, 'by_asset': False, 'eur_summary': True, 'top_events': 4}, 'pdf_size_bytes': 1674654}
2025-11-18T13:06:47Z [INFO] cryptotaxcalc.pdf: Building summary PDF for run_id=fded5dbb-b639-425f-940f-9cbefcb176f9 | title=Crypto Tax – FIFO Summary
2025-11-18T13:06:48Z [INFO] cryptotaxcalc.pdf: PDF built successfully: {'timestamp': '2025-11-18T12:06:47Z', 'run_id': 'fded5dbb-b639-425f-940f-9cbefcb176f9', 'title': 'Crypto Tax – FIFO Summary', 'summary_sections': {'by_month': False, 'by_quote': True, 'by_asset': False, 'eur_summary': True, 'top_events': 4}, 'pdf_size_bytes': 1674654}
2025-11-18T13:10:44Z [INFO] cryptotaxcalc.pdf: Building summary PDF for run_id=fded5dbb-b639-425f-940f-9cbefcb176f9 | title=Crypto Tax – FIFO Summary
2025-11-18T13:10:45Z [INFO] cryptotaxcalc.pdf: PDF built successfully: {'timestamp': '2025-11-18T12:10:44Z', 'run_id': 'fded5dbb-b639-425f-940f-9cbefcb176f9', 'title': 'Crypto Tax – FIFO Summary', 'summary_sections': {'by_month': False, 'by_quote': True, 'by_asset': False, 'eur_summary': True, 'top_events': 4}, 'pdf_size_bytes': 1674396}
2025-11-18T13:10:54Z [INFO] cryptotaxcalc.pdf: Building summary PDF for run_id=fded5dbb-b639-425f-940f-9cbefcb176f9 | title=Crypto Tax – FIFO Summary
2025-11-18T13:10:55Z [INFO] cryptotaxcalc.pdf: PDF built successfully: {'timestamp': '2025-11-18T12:10:54Z', 'run_id': 'fded5dbb-b639-425f-940f-9cbefcb176f9', 'title': 'Crypto Tax – FIFO Summary', 'summary_sections': {'by_month': False, 'by_quote': True, 'by_asset': False, 'eur_summary': True, 'top_events': 4}, 'pdf_size_bytes': 1674396}
2025-11-18T14:13:04Z [INFO] cryptotaxcalc.pdf: Building summary PDF for run_id=fded5dbb-b639-425f-940f-9cbefcb176f9 | title=Crypto Tax – FIFO Summary
2025-11-18T14:13:05Z [INFO] cryptotaxcalc.pdf: PDF built successfully: {'timestamp': '2025-11-18T13:13:04Z', 'run_id': 'fded5dbb-b639-425f-940f-9cbefcb176f9', 'title': 'Crypto Tax – FIFO Summary', 'summary_sections': {'by_month': False, 'by_quote': True, 'by_asset': False, 'eur_summary': True, 'top_events': 4}, 'pdf_size_bytes': 1674847}
2025-11-18T14:36:29Z [INFO] cryptotaxcalc.pdf: Building summary PDF for run_id=fded5dbb-b639-425f-940f-9cbefcb176f9 | title=Crypto Tax – FIFO Summary
2025-11-18T14:36:30Z [INFO] cryptotaxcalc.pdf: PDF built successfully: {'timestamp': '2025-11-18T13:36:29Z', 'run_id': 'fded5dbb-b639-425f-940f-9cbefcb176f9', 'title': 'Crypto Tax – FIFO Summary', 'summary_sections': {'by_month': False, 'by_quote': True, 'by_asset': False, 'eur_summary': True, 'top_events': 4}, 'pdf_size_bytes': 1675462}
2025-11-18T14:41:24Z [INFO] cryptotaxcalc.pdf: Building summary PDF for run_id=fded5dbb-b639-425f-940f-9cbefcb176f9 | title=Crypto Tax – FIFO Summary
2025-11-18T14:41:25Z [INFO] cryptotaxcalc.pdf: PDF built successfully: {'timestamp': '2025-11-18T13:41:24Z', 'run_id': 'fded5dbb-b639-425f-940f-9cbefcb176f9', 'title': 'Crypto Tax – FIFO Summary', 'summary_sections': {'by_month': False, 'by_quote': True, 'by_asset': False, 'eur_summary': True, 'top_events': 4}, 'pdf_size_bytes': 1675462}
2025-11-18T14:41:30Z [INFO] cryptotaxcalc.pdf: Building summary PDF for run_id=fded5dbb-b639-425f-940f-9cbefcb176f9 | title=Crypto Tax – FIFO Summary
2025-11-18T14:41:30Z [INFO] cryptotaxcalc.pdf: PDF built successfully: {'timestamp': '2025-11-18T13:41:30Z', 'run_id': 'fded5dbb-b639-425f-940f-9cbefcb176f9', 'title': 'Crypto Tax – FIFO Summary', 'summary_sections': {'by_month': False, 'by_quote': True, 'by_asset': False, 'eur_summary': True, 'top_events': 4}, 'pdf_size_bytes': 1675462}
2025-11-18T14:41:42Z [INFO] cryptotaxcalc.pdf: Building summary PDF for run_id=fded5dbb-b639-425f-940f-9cbefcb176f9 | title=Crypto Tax – FIFO Summary
2025-11-18T14:41:43Z [INFO] cryptotaxcalc.pdf: PDF built successfully: {'timestamp': '2025-11-18T13:41:42Z', 'run_id': 'fded5dbb-b639-425f-940f-9cbefcb176f9', 'title': 'Crypto Tax – FIFO Summary', 'summary_sections': {'by_month': False, 'by_quote': True, 'by_asset': False, 'eur_summary': True, 'top_events': 4}, 'pdf_size_bytes': 1675462}
2025-11-18T19:49:23Z [INFO] cryptotaxcalc.pdf: Building summary PDF for run_id=fded5dbb-b639-425f-940f-9cbefcb176f9 | title=Crypto Tax – FIFO Summary
2025-11-18T19:49:29Z [INFO] cryptotaxcalc.pdf: PDF built successfully: {'timestamp': '2025-11-18T18:49:23Z', 'run_id': 'fded5dbb-b639-425f-940f-9cbefcb176f9', 'title': 'Crypto Tax – FIFO Summary', 'summary_sections': {'by_month': False, 'by_quote': True, 'by_asset': False, 'eur_summary': True, 'top_events': 4}, 'pdf_size_bytes': 15976992}
2025-11-18T20:29:42Z [INFO] cryptotaxcalc.pdf: Building summary PDF for run_id=503d310e-bcbc-466b-9d93-51f17e617583 | title=Crypto Tax – FIFO Summary
2025-11-18T20:29:50Z [INFO] cryptotaxcalc.pdf: PDF built successfully: {'timestamp': '2025-11-18T19:29:42Z', 'run_id': '503d310e-bcbc-466b-9d93-51f17e617583', 'title': 'Crypto Tax – FIFO Summary', 'summary_sections': {'by_month': False, 'by_quote': True, 'by_asset': False, 'eur_summary': True, 'top_events': 4}, 'pdf_size_bytes': 18154753}
2025-11-18T20:50:49Z [INFO] cryptotaxcalc.pdf: Building summary PDF for run_id=262409bc-5edf-4519-ac19-fe891d781b95 | title=Crypto Tax – FIFO Summary
2025-11-18T20:50:56Z [INFO] cryptotaxcalc.pdf: PDF built successfully: {'timestamp': '2025-11-18T19:50:49Z', 'run_id': '262409bc-5edf-4519-ac19-fe891d781b95', 'title': 'Crypto Tax – FIFO Summary', 'summary_sections': {'by_month': False, 'by_quote': True, 'by_asset': False, 'eur_summary': True, 'top_events': 4}, 'pdf_size_bytes': 18154748}
2025-11-18T20:59:29Z [INFO] cryptotaxcalc.pdf: Building summary PDF for run_id=262409bc-5edf-4519-ac19-fe891d781b95 | title=Crypto Tax – FIFO Summary
2025-11-18T20:59:37Z [INFO] cryptotaxcalc.pdf: PDF built successfully: {'timestamp': '2025-11-18T19:59:29Z', 'run_id': '262409bc-5edf-4519-ac19-fe891d781b95', 'title': 'Crypto Tax – FIFO Summary', 'summary_sections': {'by_month': False, 'by_quote': True, 'by_asset': False, 'eur_summary': True, 'top_events': 4}, 'pdf_size_bytes': 19957734}
2025-11-18T21:05:18Z [INFO] cryptotaxcalc.pdf: Building summary PDF for run_id=262409bc-5edf-4519-ac19-fe891d781b95 | title=Crypto Tax – FIFO Summary
2025-11-18T21:05:26Z [INFO] cryptotaxcalc.pdf: PDF built successfully: {'timestamp': '2025-11-18T20:05:18Z', 'run_id': '262409bc-5edf-4519-ac19-fe891d781b95', 'title': 'Crypto Tax – FIFO Summary', 'summary_sections': {'by_month': False, 'by_quote': True, 'by_asset': False, 'eur_summary': True, 'top_events': 4}, 'pdf_size_bytes': 19957606}
2025-11-18T21:32:38Z [INFO] cryptotaxcalc.pdf: Building summary PDF for run_id=262409bc-5edf-4519-ac19-fe891d781b95 | title=Crypto Tax – FIFO Summary
2025-11-18T21:32:47Z [INFO] cryptotaxcalc.pdf: PDF built successfully: {'timestamp': '2025-11-18T20:32:38Z', 'run_id': '262409bc-5edf-4519-ac19-fe891d781b95', 'title': 'Crypto Tax – FIFO Summary', 'summary_sections': {'by_month': False, 'by_quote': True, 'by_asset': False, 'eur_summary': True, 'top_events': 4}, 'pdf_size_bytes': 21981147}
2025-11-18T21:50:01Z [INFO] cryptotaxcalc.pdf: Building summary PDF for run_id=262409bc-5edf-4519-ac19-fe891d781b95 | title=Crypto Tax – FIFO Summary
2025-11-18T21:50:10Z [INFO] cryptotaxcalc.pdf: PDF built successfully: {'timestamp': '2025-11-18T20:50:01Z', 'run_id': '262409bc-5edf-4519-ac19-fe891d781b95', 'title': 'Crypto Tax – FIFO Summary', 'summary_sections': {'by_month': False, 'by_quote': True, 'by_asset': False, 'eur_summary': True, 'top_events': 4}, 'pdf_size_bytes': 21981137}
2025-11-18T22:05:09Z [INFO] cryptotaxcalc.pdf: Building summary PDF for run_id=262409bc-5edf-4519-ac19-fe891d781b95 | title=Crypto Tax – FIFO Summary
2025-11-18T22:05:17Z [INFO] cryptotaxcalc.pdf: PDF built successfully: {'timestamp': '2025-11-18T21:05:09Z', 'run_id': '262409bc-5edf-4519-ac19-fe891d781b95', 'title': 'Crypto Tax – FIFO Summary', 'summary_sections': {'by_month': False, 'by_quote': True, 'by_asset': False, 'eur_summary': True, 'top_events': 4}, 'pdf_size_bytes': 21981139}
2025-11-18T22:06:37Z [INFO] cryptotaxcalc.pdf: Building summary PDF for run_id=262409bc-5edf-4519-ac19-fe891d781b95 | title=Crypto Tax – FIFO Summary
2025-11-18T22:06:46Z [INFO] cryptotaxcalc.pdf: PDF built successfully: {'timestamp': '2025-11-18T21:06:37Z', 'run_id': '262409bc-5edf-4519-ac19-fe891d781b95', 'title': 'Crypto Tax – FIFO Summary', 'summary_sections': {'by_month': False, 'by_quote': True, 'by_asset': False, 'eur_summary': True, 'top_events': 4}, 'pdf_size_bytes': 21981137}
2025-11-18T22:14:22Z [INFO] cryptotaxcalc.pdf: Building summary PDF for run_id=262409bc-5edf-4519-ac19-fe891d781b95 | title=Crypto Tax – FIFO Summary
2025-11-18T22:14:31Z [INFO] cryptotaxcalc.pdf: PDF built successfully: {'timestamp': '2025-11-18T21:14:22Z', 'run_id': '262409bc-5edf-4519-ac19-fe891d781b95', 'title': 'Crypto Tax – FIFO Summary', 'summary_sections': {'by_month': False, 'by_quote': True, 'by_asset': False, 'eur_summary': True, 'top_events': 4}, 'pdf_size_bytes': 21981156}
2025-11-19T00:00:41Z [INFO] cryptotaxcalc.pdf: Building summary PDF for run_id=262409bc-5edf-4519-ac19-fe891d781b95 | title=Crypto Tax – FIFO Summary
2025-11-19T00:00:41Z [WARNING] cryptotaxcalc.pdf: PDF generation failed: cannot access local variable 'rows' where it is not associated with a value
2025-11-19T00:16:44Z [INFO] cryptotaxcalc.pdf: Building summary PDF for run_id=262409bc-5edf-4519-ac19-fe891d781b95 | title=Crypto Tax – FIFO Summary
2025-11-19T00:16:53Z [INFO] cryptotaxcalc.pdf: PDF built successfully: {'timestamp': '2025-11-18T23:16:44Z', 'run_id': '262409bc-5edf-4519-ac19-fe891d781b95', 'title': 'Crypto Tax – FIFO Summary', 'summary_sections': {'by_month': False, 'by_quote': True, 'by_asset': False, 'eur_summary': True, 'top_events': 4}, 'pdf_size_bytes': 21981200}
2025-11-19T09:56:50Z [INFO] cryptotaxcalc.pdf: Building summary PDF for run_id=262409bc-5edf-4519-ac19-fe891d781b95 | title=Crypto Tax – FIFO Summary
2025-11-19T09:56:59Z [INFO] cryptotaxcalc.pdf: PDF built successfully: {'timestamp': '2025-11-19T08:56:50Z', 'run_id': '262409bc-5edf-4519-ac19-fe891d781b95', 'title': 'Crypto Tax – FIFO Summary', 'summary_sections': {'by_month': False, 'by_quote': True, 'by_asset': False, 'eur_summary': True, 'top_events': 4}, 'pdf_size_bytes': 21981372}
2025-11-19T10:13:12Z [INFO] cryptotaxcalc.pdf: Building summary PDF for run_id=262409bc-5edf-4519-ac19-fe891d781b95 | title=Crypto Tax – FIFO Summary
2025-11-19T10:13:20Z [INFO] cryptotaxcalc.pdf: PDF built successfully: {'timestamp': '2025-11-19T09:13:12Z', 'run_id': '262409bc-5edf-4519-ac19-fe891d781b95', 'title': 'Crypto Tax – FIFO Summary', 'summary_sections': {'by_month': False, 'by_quote': True, 'by_asset': False, 'eur_summary': True, 'top_events': 4}, 'pdf_size_bytes': 21981396}
2025-11-19T11:11:43Z [INFO] cryptotaxcalc.pdf: Building summary PDF for run_id=262409bc-5edf-4519-ac19-fe891d781b95 | title=Crypto Tax – FIFO Summary
2025-11-19T11:11:52Z [INFO] cryptotaxcalc.pdf: PDF built successfully: {'timestamp': '2025-11-19T10:11:43Z', 'run_id': '262409bc-5edf-4519-ac19-fe891d781b95', 'title': 'Crypto Tax – FIFO Summary', 'summary_sections': {'by_month': False, 'by_quote': True, 'by_asset': False, 'eur_summary': True, 'top_events': 4}, 'pdf_size_bytes': 21987953}
2025-11-19T12:31:35Z [INFO] cryptotaxcalc.pdf: Building summary PDF for run_id=262409bc-5edf-4519-ac19-fe891d781b95 | title=Crypto Tax – FIFO Summary
2025-11-19T12:31:43Z [INFO] cryptotaxcalc.pdf: PDF built successfully: {'timestamp': '2025-11-19T11:31:35Z', 'run_id': '262409bc-5edf-4519-ac19-fe891d781b95', 'title': 'Crypto Tax – FIFO Summary', 'summary_sections': {'by_month': False, 'by_quote': True, 'by_asset': False, 'eur_summary': True, 'top_events': 4}, 'pdf_size_bytes': 21997671}
2025-11-19T13:13:27Z [INFO] cryptotaxcalc.pdf: Building summary PDF for run_id=262409bc-5edf-4519-ac19-fe891d781b95 | title=Crypto Tax – FIFO Summary
2025-11-19T13:13:37Z [INFO] cryptotaxcalc.pdf: PDF built successfully: {'timestamp': '2025-11-19T12:13:27Z', 'run_id': '262409bc-5edf-4519-ac19-fe891d781b95', 'title': 'Crypto Tax – FIFO Summary', 'summary_sections': {'by_month': False, 'by_quote': True, 'by_asset': False, 'eur_summary': True, 'top_events': 4}, 'pdf_size_bytes': 21995401}
2025-11-19T13:47:58Z [INFO] cryptotaxcalc.pdf: Building summary PDF for run_id=262409bc-5edf-4519-ac19-fe891d781b95 | title=Crypto Tax – FIFO Summary
2025-11-19T13:48:08Z [INFO] cryptotaxcalc.pdf: PDF built successfully: {'timestamp': '2025-11-19T12:47:58Z', 'run_id': '262409bc-5edf-4519-ac19-fe891d781b95', 'title': 'Crypto Tax – FIFO Summary', 'summary_sections': {'by_month': False, 'by_quote': True, 'by_asset': False, 'eur_summary': True, 'top_events': 4}, 'pdf_size_bytes': 21995416}
2025-11-19T14:13:05Z [INFO] cryptotaxcalc.pdf: Building summary PDF for run_id=262409bc-5edf-4519-ac19-fe891d781b95 | title=Crypto Tax – FIFO Summary
2025-11-19T14:13:15Z [INFO] cryptotaxcalc.pdf: PDF built successfully: {'timestamp': '2025-11-19T13:13:05Z', 'run_id': '262409bc-5edf-4519-ac19-fe891d781b95', 'title': 'Crypto Tax – FIFO Summary', 'summary_sections': {'by_month': False, 'by_quote': True, 'by_asset': False, 'eur_summary': True, 'top_events': 4}, 'pdf_size_bytes': 21996752}
2025-11-19T15:03:55Z [INFO] cryptotaxcalc.pdf: Building summary PDF for run_id=32634ca9-488f-436d-98ad-4c111abefadc | title=Crypto Tax – FIFO Summary
2025-11-19T15:04:04Z [INFO] cryptotaxcalc.pdf: PDF built successfully: {'timestamp': '2025-11-19T14:03:55Z', 'run_id': '32634ca9-488f-436d-98ad-4c111abefadc', 'title': 'Crypto Tax – FIFO Summary', 'summary_sections': {'by_month': False, 'by_quote': True, 'by_asset': False, 'eur_summary': True, 'top_events': 2}, 'pdf_size_bytes': 21996299}
2025-11-19T19:31:44Z [INFO] cryptotaxcalc.pdf: Building summary PDF for run_id=32634ca9-488f-436d-98ad-4c111abefadc | title=Crypto Tax – FIFO Summary
2025-11-19T19:31:53Z [INFO] cryptotaxcalc.pdf: PDF built successfully: {'timestamp': '2025-11-19T18:31:44Z', 'run_id': '32634ca9-488f-436d-98ad-4c111abefadc', 'title': 'Crypto Tax – FIFO Summary', 'summary_sections': {'by_month': False, 'by_quote': True, 'by_asset': False, 'eur_summary': True, 'top_events': 2}, 'pdf_size_bytes': 21996369}
2025-11-19T20:08:04Z [INFO] cryptotaxcalc.pdf: Building summary PDF for run_id=32634ca9-488f-436d-98ad-4c111abefadc | title=Crypto Tax – FIFO Summary
2025-11-19T20:08:13Z [INFO] cryptotaxcalc.pdf: PDF built successfully: {'timestamp': '2025-11-19T19:08:04Z', 'run_id': '32634ca9-488f-436d-98ad-4c111abefadc', 'title': 'Crypto Tax – FIFO Summary', 'summary_sections': {'by_month': False, 'by_quote': True, 'by_asset': False, 'eur_summary': True, 'top_events': 2}, 'pdf_size_bytes': 21997082}
2025-11-19T20:51:56Z [INFO] cryptotaxcalc.pdf: Building summary PDF for run_id=32634ca9-488f-436d-98ad-4c111abefadc | title=Crypto Tax – FIFO Summary
2025-11-19T20:51:57Z [WARNING] cryptotaxcalc.pdf: PDF generation failed: name 'audit_notes' is not defined
2025-11-19T20:53:01Z [INFO] cryptotaxcalc.pdf: Building summary PDF for run_id=32634ca9-488f-436d-98ad-4c111abefadc | title=Crypto Tax – FIFO Summary
2025-11-19T20:53:02Z [WARNING] cryptotaxcalc.pdf: PDF generation failed: name 'audit_notes' is not defined
2025-11-19T20:59:28Z [INFO] cryptotaxcalc.pdf: Building summary PDF for run_id=32634ca9-488f-436d-98ad-4c111abefadc | title=Crypto Tax – FIFO Summary
2025-11-19T20:59:37Z [INFO] cryptotaxcalc.pdf: PDF built successfully: {'timestamp': '2025-11-19T19:59:28Z', 'run_id': '32634ca9-488f-436d-98ad-4c111abefadc', 'title': 'Crypto Tax – FIFO Summary', 'summary_sections': {'by_month': False, 'by_quote': True, 'by_asset': False, 'eur_summary': True, 'top_events': 2}, 'pdf_size_bytes': 21998899}
2025-11-19T21:33:39Z [INFO] cryptotaxcalc.pdf: Building summary PDF for run_id=32634ca9-488f-436d-98ad-4c111abefadc | title=Crypto Tax – FIFO Summary
2025-11-19T21:33:48Z [INFO] cryptotaxcalc.pdf: PDF built successfully: {'timestamp': '2025-11-19T20:33:39Z', 'run_id': '32634ca9-488f-436d-98ad-4c111abefadc', 'title': 'Crypto Tax – FIFO Summary', 'summary_sections': {'by_month': False, 'by_quote': True, 'by_asset': False, 'eur_summary': True, 'top_events': 2}, 'pdf_size_bytes': 21998939}
2025-11-20T00:44:49Z [INFO] cryptotaxcalc.pdf: Building summary PDF for run_id=1595a32a-63bc-4201-8372-3e77580bff18 | title=Crypto Tax – FIFO Summary
2025-11-20T00:44:59Z [INFO] cryptotaxcalc.pdf: PDF built successfully: {'timestamp': '2025-11-19T23:44:49Z', 'run_id': '1595a32a-63bc-4201-8372-3e77580bff18', 'title': 'Crypto Tax – FIFO Summary', 'summary_sections': {'by_month': False, 'by_quote': True, 'by_asset': False, 'eur_summary': True, 'top_events': 4}, 'pdf_size_bytes': 21999422}
2025-11-20T01:36:47Z [INFO] cryptotaxcalc.pdf: Building summary PDF for run_id=4265a24c-fdd5-4d4d-81e0-1769841c40fa | title=Crypto Tax – FIFO Summary
2025-11-20T01:36:56Z [INFO] cryptotaxcalc.pdf: PDF built successfully: {'timestamp': '2025-11-20T00:36:47Z', 'run_id': '4265a24c-fdd5-4d4d-81e0-1769841c40fa', 'title': 'Crypto Tax – FIFO Summary', 'summary_sections': {'by_month': False, 'by_quote': True, 'by_asset': False, 'eur_summary': True, 'top_events': 4}, 'pdf_size_bytes': 24191649}
2025-11-20T01:39:29Z [INFO] cryptotaxcalc.pdf: Building summary PDF for run_id=4265a24c-fdd5-4d4d-81e0-1769841c40fa | title=Crypto Tax – FIFO Summary
2025-11-20T01:39:38Z [INFO] cryptotaxcalc.pdf: PDF built successfully: {'timestamp': '2025-11-20T00:39:29Z', 'run_id': '4265a24c-fdd5-4d4d-81e0-1769841c40fa', 'title': 'Crypto Tax – FIFO Summary', 'summary_sections': {'by_month': False, 'by_quote': True, 'by_asset': False, 'eur_summary': True, 'top_events': 4}, 'pdf_size_bytes': 24191649}
2025-11-20T01:39:44Z [INFO] cryptotaxcalc.pdf: Building summary PDF for run_id=4265a24c-fdd5-4d4d-81e0-1769841c40fa | title=Crypto Tax – FIFO Summary
2025-11-20T01:39:53Z [INFO] cryptotaxcalc.pdf: PDF built successfully: {'timestamp': '2025-11-20T00:39:44Z', 'run_id': '4265a24c-fdd5-4d4d-81e0-1769841c40fa', 'title': 'Crypto Tax – FIFO Summary', 'summary_sections': {'by_month': False, 'by_quote': True, 'by_asset': False, 'eur_summary': True, 'top_events': 4}, 'pdf_size_bytes': 24191649}
2025-11-20T01:42:32Z [INFO] cryptotaxcalc.pdf: Building summary PDF for run_id=4265a24c-fdd5-4d4d-81e0-1769841c40fa | title=Crypto Tax – FIFO Summary
2025-11-20T01:42:42Z [INFO] cryptotaxcalc.pdf: PDF built successfully: {'timestamp': '2025-11-20T00:42:32Z', 'run_id': '4265a24c-fdd5-4d4d-81e0-1769841c40fa', 'title': 'Crypto Tax – FIFO Summary', 'summary_sections': {'by_month': False, 'by_quote': True, 'by_asset': False, 'eur_summary': True, 'top_events': 4}, 'pdf_size_bytes': 24191649}
2025-11-20T01:42:48Z [INFO] cryptotaxcalc.pdf: Building summary PDF for run_id=3fb47ce2-47dc-4915-8574-3f9a70a14cfe | title=Crypto Tax – FIFO Summary
2025-11-20T01:42:57Z [INFO] cryptotaxcalc.pdf: PDF built successfully: {'timestamp': '2025-11-20T00:42:48Z', 'run_id': '3fb47ce2-47dc-4915-8574-3f9a70a14cfe', 'title': 'Crypto Tax – FIFO Summary', 'summary_sections': {'by_month': False, 'by_quote': True, 'by_asset': False, 'eur_summary': True, 'top_events': 4}, 'pdf_size_bytes': 24191642}
2025-11-20T01:46:27Z [INFO] cryptotaxcalc.pdf: Building summary PDF for run_id=052dc008-20bc-466a-8f72-590f423d1554 | title=Crypto Tax – FIFO Summary
2025-11-20T01:46:36Z [INFO] cryptotaxcalc.pdf: PDF built successfully: {'timestamp': '2025-11-20T00:46:27Z', 'run_id': '052dc008-20bc-466a-8f72-590f423d1554', 'title': 'Crypto Tax – FIFO Summary', 'summary_sections': {'by_month': False, 'by_quote': True, 'by_asset': False, 'eur_summary': True, 'top_events': 4}, 'pdf_size_bytes': 24191644}
2025-11-20T09:09:44Z [INFO] cryptotaxcalc.pdf: Building summary PDF for run_id=052dc008-20bc-466a-8f72-590f423d1554 | title=Crypto Tax – FIFO Summary
2025-11-20T09:09:55Z [INFO] cryptotaxcalc.pdf: PDF built successfully: {'timestamp': '2025-11-20T08:09:44Z', 'run_id': '052dc008-20bc-466a-8f72-590f423d1554', 'title': 'Crypto Tax – FIFO Summary', 'summary_sections': {'by_month': False, 'by_quote': True, 'by_asset': False, 'eur_summary': True, 'top_events': 4}, 'pdf_size_bytes': 26283457}
2025-11-20T09:11:50Z [INFO] cryptotaxcalc.pdf: Building summary PDF for run_id=052dc008-20bc-466a-8f72-590f423d1554 | title=Crypto Tax – FIFO Summary
2025-11-20T09:12:00Z [INFO] cryptotaxcalc.pdf: PDF built successfully: {'timestamp': '2025-11-20T08:11:50Z', 'run_id': '052dc008-20bc-466a-8f72-590f423d1554', 'title': 'Crypto Tax – FIFO Summary', 'summary_sections': {'by_month': False, 'by_quote': True, 'by_asset': False, 'eur_summary': True, 'top_events': 4}, 'pdf_size_bytes': 26283457}
2025-11-20T09:16:12Z [INFO] cryptotaxcalc.pdf: Building summary PDF for run_id=052dc008-20bc-466a-8f72-590f423d1554 | title=Crypto Tax – FIFO Summary
2025-11-20T09:16:23Z [INFO] cryptotaxcalc.pdf: PDF built successfully: {'timestamp': '2025-11-20T08:16:12Z', 'run_id': '052dc008-20bc-466a-8f72-590f423d1554', 'title': 'Crypto Tax – FIFO Summary', 'summary_sections': {'by_month': False, 'by_quote': True, 'by_asset': False, 'eur_summary': True, 'top_events': 4}, 'pdf_size_bytes': 28385474}
2025-11-20T09:17:07Z [INFO] cryptotaxcalc.pdf: Building summary PDF for run_id=052dc008-20bc-466a-8f72-590f423d1554 | title=Crypto Tax – FIFO Summary
2025-11-20T09:17:18Z [INFO] cryptotaxcalc.pdf: PDF built successfully: {'timestamp': '2025-11-20T08:17:07Z', 'run_id': '052dc008-20bc-466a-8f72-590f423d1554', 'title': 'Crypto Tax – FIFO Summary', 'summary_sections': {'by_month': False, 'by_quote': True, 'by_asset': False, 'eur_summary': True, 'top_events': 4}, 'pdf_size_bytes': 28385474}
2025-11-20T09:22:28Z [INFO] cryptotaxcalc.pdf: Building summary PDF for run_id=6b6ddef0-5569-423b-b55c-c824d2b9288e | title=Crypto Tax – FIFO Summary
2025-11-20T09:22:38Z [INFO] cryptotaxcalc.pdf: PDF built successfully: {'timestamp': '2025-11-20T08:22:28Z', 'run_id': '6b6ddef0-5569-423b-b55c-c824d2b9288e', 'title': 'Crypto Tax – FIFO Summary', 'summary_sections': {'by_month': False, 'by_quote': True, 'by_asset': False, 'eur_summary': True, 'top_events': 4}, 'pdf_size_bytes': 26193257}
2025-11-20T09:22:58Z [INFO] cryptotaxcalc.pdf: Building summary PDF for run_id=268b9638-d5c8-46a3-ae46-a81fe8109cf7 | title=Crypto Tax – FIFO Summary
2025-11-20T09:23:08Z [INFO] cryptotaxcalc.pdf: PDF built successfully: {'timestamp': '2025-11-20T08:22:58Z', 'run_id': '268b9638-d5c8-46a3-ae46-a81fe8109cf7', 'title': 'Crypto Tax – FIFO Summary', 'summary_sections': {'by_month': False, 'by_quote': True, 'by_asset': False, 'eur_summary': True, 'top_events': 4}, 'pdf_size_bytes': 26191396}
2025-11-20T09:32:23Z [INFO] cryptotaxcalc.pdf: Building summary PDF for run_id=ff6300b6-5d53-4651-a68d-0bb14744aea4 | title=Crypto Tax – FIFO Summary
2025-11-20T09:32:33Z [INFO] cryptotaxcalc.pdf: PDF built successfully: {'timestamp': '2025-11-20T08:32:23Z', 'run_id': 'ff6300b6-5d53-4651-a68d-0bb14744aea4', 'title': 'Crypto Tax – FIFO Summary', 'summary_sections': {'by_month': False, 'by_quote': True, 'by_asset': False, 'eur_summary': True, 'top_events': 4}, 'pdf_size_bytes': 26193256}
2025-11-20T09:32:40Z [INFO] cryptotaxcalc.pdf: Building summary PDF for run_id=528771f5-5c81-4cb7-b396-27602f5db915 | title=Crypto Tax – FIFO Summary
2025-11-20T09:32:51Z [INFO] cryptotaxcalc.pdf: PDF built successfully: {'timestamp': '2025-11-20T08:32:40Z', 'run_id': '528771f5-5c81-4cb7-b396-27602f5db915', 'title': 'Crypto Tax – FIFO Summary', 'summary_sections': {'by_month': False, 'by_quote': True, 'by_asset': False, 'eur_summary': True, 'top_events': 4}, 'pdf_size_bytes': 26191405}
2025-11-20T09:33:55Z [INFO] cryptotaxcalc.pdf: Building summary PDF for run_id=42008415-6b17-4599-8ae6-09714b6050a9 | title=Crypto Tax – FIFO Summary
2025-11-20T09:34:05Z [INFO] cryptotaxcalc.pdf: PDF built successfully: {'timestamp': '2025-11-20T08:33:55Z', 'run_id': '42008415-6b17-4599-8ae6-09714b6050a9', 'title': 'Crypto Tax – FIFO Summary', 'summary_sections': {'by_month': False, 'by_quote': True, 'by_asset': False, 'eur_summary': True, 'top_events': 4}, 'pdf_size_bytes': 26191392}
2025-11-20T09:36:09Z [INFO] cryptotaxcalc.pdf: Building summary PDF for run_id=4d6e595f-8ad4-476a-b8d0-c76e96c48996 | title=Crypto Tax – FIFO Summary
2025-11-20T09:36:19Z [INFO] cryptotaxcalc.pdf: PDF built successfully: {'timestamp': '2025-11-20T08:36:09Z', 'run_id': '4d6e595f-8ad4-476a-b8d0-c76e96c48996', 'title': 'Crypto Tax – FIFO Summary', 'summary_sections': {'by_month': False, 'by_quote': True, 'by_asset': False, 'eur_summary': True, 'top_events': 4}, 'pdf_size_bytes': 26191398}
2025-11-20T09:38:14Z [INFO] cryptotaxcalc.pdf: Building summary PDF for run_id=00ab59aa-73c0-4ccb-b666-a020c0320a15 | title=Crypto Tax – FIFO Summary
2025-11-20T09:38:24Z [INFO] cryptotaxcalc.pdf: PDF built successfully: {'timestamp': '2025-11-20T08:38:14Z', 'run_id': '00ab59aa-73c0-4ccb-b666-a020c0320a15', 'title': 'Crypto Tax – FIFO Summary', 'summary_sections': {'by_month': False, 'by_quote': True, 'by_asset': False, 'eur_summary': True, 'top_events': 4}, 'pdf_size_bytes': 26191397}
2025-11-20T09:38:30Z [INFO] cryptotaxcalc.pdf: Building summary PDF for run_id=ade82f78-38b0-4bac-83ca-4c73cbbd5ed8 | title=Crypto Tax – FIFO Summary
2025-11-20T09:38:40Z [INFO] cryptotaxcalc.pdf: PDF built successfully: {'timestamp': '2025-11-20T08:38:30Z', 'run_id': 'ade82f78-38b0-4bac-83ca-4c73cbbd5ed8', 'title': 'Crypto Tax – FIFO Summary', 'summary_sections': {'by_month': False, 'by_quote': True, 'by_asset': False, 'eur_summary': True, 'top_events': 4}, 'pdf_size_bytes': 26191405}
2025-11-20T09:41:54Z [INFO] cryptotaxcalc.pdf: Building summary PDF for run_id=ade82f78-38b0-4bac-83ca-4c73cbbd5ed8 | title=Crypto Tax – FIFO Summary
2025-11-20T09:42:04Z [INFO] cryptotaxcalc.pdf: PDF built successfully: {'timestamp': '2025-11-20T08:41:54Z', 'run_id': 'ade82f78-38b0-4bac-83ca-4c73cbbd5ed8', 'title': 'Crypto Tax – FIFO Summary', 'summary_sections': {'by_month': False, 'by_quote': True, 'by_asset': False, 'eur_summary': True, 'top_events': 4}, 'pdf_size_bytes': 26193260}
2025-11-20T10:20:56Z [INFO] cryptotaxcalc.pdf: Building summary PDF for run_id=2a277653-829c-4d36-bf8d-938052b49f54 | title=Crypto Tax – FIFO Summary
2025-11-20T10:21:08Z [INFO] cryptotaxcalc.pdf: PDF built successfully: {'timestamp': '2025-11-20T09:20:56Z', 'run_id': '2a277653-829c-4d36-bf8d-938052b49f54', 'title': 'Crypto Tax – FIFO Summary', 'summary_sections': {'by_month': False, 'by_quote': True, 'by_asset': False, 'eur_summary': True, 'top_events': 4}, 'pdf_size_bytes': 28385487}
2025-11-20T10:21:30Z [INFO] cryptotaxcalc.pdf: Building summary PDF for run_id=2a277653-829c-4d36-bf8d-938052b49f54 | title=Crypto Tax – FIFO Summary
2025-11-20T10:21:43Z [INFO] cryptotaxcalc.pdf: PDF built successfully: {'timestamp': '2025-11-20T09:21:30Z', 'run_id': '2a277653-829c-4d36-bf8d-938052b49f54', 'title': 'Crypto Tax – FIFO Summary', 'summary_sections': {'by_month': False, 'by_quote': True, 'by_asset': False, 'eur_summary': True, 'top_events': 4}, 'pdf_size_bytes': 28383137}
2025-11-20T10:23:38Z [INFO] cryptotaxcalc.pdf: Building summary PDF for run_id=2a277653-829c-4d36-bf8d-938052b49f54 | title=Crypto Tax – FIFO Summary
2025-11-20T10:23:51Z [INFO] cryptotaxcalc.pdf: PDF built successfully: {'timestamp': '2025-11-20T09:23:38Z', 'run_id': '2a277653-829c-4d36-bf8d-938052b49f54', 'title': 'Crypto Tax – FIFO Summary', 'summary_sections': {'by_month': False, 'by_quote': True, 'by_asset': False, 'eur_summary': True, 'top_events': 4}, 'pdf_size_bytes': 28385487}
2025-11-20T10:24:07Z [INFO] cryptotaxcalc.pdf: Building summary PDF for run_id=83f3c131-4bfc-4360-a947-3e03457ee177 | title=Crypto Tax – FIFO Summary
2025-11-20T10:24:19Z [INFO] cryptotaxcalc.pdf: PDF built successfully: {'timestamp': '2025-11-20T09:24:07Z', 'run_id': '83f3c131-4bfc-4360-a947-3e03457ee177', 'title': 'Crypto Tax – FIFO Summary', 'summary_sections': {'by_month': False, 'by_quote': True, 'by_asset': False, 'eur_summary': True, 'top_events': 4}, 'pdf_size_bytes': 28385464}
2025-11-20T11:52:46Z [INFO] cryptotaxcalc.pdf: Building summary PDF for run_id=1711c3db-7c5b-4164-97ec-9616e672ebfe | title=Crypto Tax – FIFO Summary
2025-11-20T11:52:59Z [INFO] cryptotaxcalc.pdf: PDF built successfully: {'timestamp': '2025-11-20T10:52:46Z', 'run_id': '1711c3db-7c5b-4164-97ec-9616e672ebfe', 'title': 'Crypto Tax – FIFO Summary', 'summary_sections': {'by_month': False, 'by_quote': True, 'by_asset': False, 'eur_summary': True, 'top_events': 4}, 'pdf_size_bytes': 28383125}
2025-11-20T11:54:24Z [INFO] cryptotaxcalc.pdf: Building summary PDF for run_id=e1f42089-3b76-4593-8d44-74e235ad70d4 | title=Crypto Tax – FIFO Summary
2025-11-20T11:54:37Z [INFO] cryptotaxcalc.pdf: PDF built successfully: {'timestamp': '2025-11-20T10:54:24Z', 'run_id': 'e1f42089-3b76-4593-8d44-74e235ad70d4', 'title': 'Crypto Tax – FIFO Summary', 'summary_sections': {'by_month': False, 'by_quote': True, 'by_asset': False, 'eur_summary': True, 'top_events': 4}, 'pdf_size_bytes': 28385481}
2025-11-20T19:17:40Z [INFO] cryptotaxcalc.pdf: Building summary PDF for run_id=9ca7c4d5-3197-49b4-81f1-227359275900 | title=Crypto Tax – FIFO Summary
2025-11-20T19:17:52Z [INFO] cryptotaxcalc.pdf: PDF built successfully: {'timestamp': '2025-11-20T18:17:40Z', 'run_id': '9ca7c4d5-3197-49b4-81f1-227359275900', 'title': 'Crypto Tax – FIFO Summary', 'summary_sections': {'by_month': False, 'by_quote': True, 'by_asset': False, 'eur_summary': True, 'top_events': 4}, 'pdf_size_bytes': 28385492}
2025-11-20T23:42:48Z [INFO] cryptotaxcalc.pdf: Building summary PDF for run_id=11767710-c916-43e6-848e-84c5dcb80339 | title=Crypto Tax – FIFO Summary
2025-11-20T23:42:59Z [INFO] cryptotaxcalc.pdf: PDF built successfully: {'timestamp': '2025-11-20T22:42:48Z', 'run_id': '11767710-c916-43e6-848e-84c5dcb80339', 'title': 'Crypto Tax – FIFO Summary', 'summary_sections': {'by_month': False, 'by_quote': True, 'by_asset': False, 'eur_summary': True, 'top_events': 2}, 'pdf_size_bytes': 28384978}
2025-11-21T17:10:06Z [INFO] cryptotaxcalc.pdf: Building summary PDF for run_id=2986956d-f9db-4add-b3fe-8c06aed817d8 | title=Crypto Tax – FIFO Summary
2025-11-21T17:10:17Z [INFO] cryptotaxcalc.pdf: PDF built successfully: {'timestamp': '2025-11-21T16:10:06Z', 'run_id': '2986956d-f9db-4add-b3fe-8c06aed817d8', 'title': 'Crypto Tax – FIFO Summary', 'summary_sections': {'by_month': False, 'by_quote': True, 'by_asset': False, 'eur_summary': True, 'top_events': 3}, 'pdf_size_bytes': 28388874}
2025-11-21T19:09:35Z [INFO] cryptotaxcalc.pdf: Building summary PDF for run_id=a6d18af8-ac45-43e7-8e93-f162c8248c25 | title=Crypto Tax – FIFO Summary
2025-11-21T19:09:46Z [INFO] cryptotaxcalc.pdf: PDF built successfully: {'timestamp': '2025-11-21T18:09:35Z', 'run_id': 'a6d18af8-ac45-43e7-8e93-f162c8248c25', 'title': 'Crypto Tax – FIFO Summary', 'summary_sections': {'by_month': False, 'by_quote': True, 'by_asset': False, 'eur_summary': True, 'top_events': 18}, 'pdf_size_bytes': 28392056}
2025-11-23T10:02:30Z [INFO] cryptotaxcalc.pdf: Building summary PDF for run_id=b13fcc7a-72d4-4260-86a7-a54394c83123 | title=Crypto Tax – FIFO Summary
2025-11-23T10:02:42Z [INFO] cryptotaxcalc.pdf: PDF built successfully: {'timestamp': '2025-11-23T09:02:30Z', 'run_id': 'b13fcc7a-72d4-4260-86a7-a54394c83123', 'title': 'Crypto Tax – FIFO Summary', 'summary_sections': {'by_month': False, 'by_quote': True, 'by_asset': False, 'eur_summary': True, 'top_events': 25}, 'pdf_size_bytes': 28396462}
2025-11-23T17:03:12Z [INFO] cryptotaxcalc.pdf: Building summary PDF for run_id=3f6dffca-8eca-493d-8bd4-619f0cdd94bb | title=Crypto Tax – FIFO Summary
2025-11-23T17:03:23Z [INFO] cryptotaxcalc.pdf: PDF built successfully: {'timestamp': '2025-11-23T16:03:12Z', 'run_id': '3f6dffca-8eca-493d-8bd4-619f0cdd94bb', 'title': 'Crypto Tax – FIFO Summary', 'summary_sections': {'by_month': False, 'by_quote': True, 'by_asset': False, 'eur_summary': True, 'top_events': 25}, 'pdf_size_bytes': 28397665}
2025-11-23T17:07:41Z [INFO] cryptotaxcalc.pdf: Building summary PDF for run_id=3f6dffca-8eca-493d-8bd4-619f0cdd94bb | title=Crypto Tax – FIFO Summary
2025-11-23T17:07:52Z [INFO] cryptotaxcalc.pdf: PDF built successfully: {'timestamp': '2025-11-23T16:07:41Z', 'run_id': '3f6dffca-8eca-493d-8bd4-619f0cdd94bb', 'title': 'Crypto Tax – FIFO Summary', 'summary_sections': {'by_month': False, 'by_quote': True, 'by_asset': False, 'eur_summary': True, 'top_events': 25}, 'pdf_size_bytes': 28397602}
2025-11-23T18:22:26Z [INFO] cryptotaxcalc.pdf: Building summary PDF for run_id=3f6dffca-8eca-493d-8bd4-619f0cdd94bb | title=Crypto Tax – FIFO Summary
2025-11-23T18:22:37Z [INFO] cryptotaxcalc.pdf: PDF built successfully: {'timestamp': '2025-11-23T17:22:26Z', 'run_id': '3f6dffca-8eca-493d-8bd4-619f0cdd94bb', 'title': 'Crypto Tax – FIFO Summary', 'summary_sections': {'by_month': False, 'by_quote': True, 'by_asset': False, 'eur_summary': True, 'top_events': 25}, 'pdf_size_bytes': 28397805}
2025-11-23T18:33:41Z [INFO] cryptotaxcalc.pdf: Building summary PDF for run_id=3f6dffca-8eca-493d-8bd4-619f0cdd94bb | title=Crypto Tax – FIFO Summary
2025-11-23T18:33:52Z [INFO] cryptotaxcalc.pdf: PDF built successfully: {'timestamp': '2025-11-23T17:33:41Z', 'run_id': '3f6dffca-8eca-493d-8bd4-619f0cdd94bb', 'title': 'Crypto Tax – FIFO Summary', 'summary_sections': {'by_month': False, 'by_quote': True, 'by_asset': False, 'eur_summary': True, 'top_events': 25}, 'pdf_size_bytes': 28397805}
2025-11-23T20:14:29Z [INFO] cryptotaxcalc.pdf: Building summary PDF for run_id=3f6dffca-8eca-493d-8bd4-619f0cdd94bb | title=Crypto Tax – FIFO Summary
2025-11-23T20:14:29Z [WARNING] cryptotaxcalc.pdf: PDF generation failed: cannot access local variable 'juris_raw' where it is not associated with a value
2025-11-23T20:15:32Z [INFO] cryptotaxcalc.pdf: Building summary PDF for run_id=120315bd-c8d4-4bd0-bedb-ee1626210d0f | title=Crypto Tax – FIFO Summary
2025-11-23T20:15:32Z [WARNING] cryptotaxcalc.pdf: PDF generation failed: cannot access local variable 'juris_raw' where it is not associated with a value
2025-11-23T20:28:56Z [INFO] cryptotaxcalc.pdf: Building summary PDF for run_id=120315bd-c8d4-4bd0-bedb-ee1626210d0f | title=Crypto Tax – FIFO Summary
2025-11-23T20:29:07Z [INFO] cryptotaxcalc.pdf: PDF built successfully: {'timestamp': '2025-11-23T19:28:56Z', 'run_id': '120315bd-c8d4-4bd0-bedb-ee1626210d0f', 'title': 'Crypto Tax – FIFO Summary', 'summary_sections': {'by_month': False, 'by_quote': True, 'by_asset': False, 'eur_summary': True, 'top_events': 25}, 'pdf_size_bytes': 28397361}
2025-11-23T21:02:25Z [INFO] cryptotaxcalc.pdf: Building summary PDF for run_id=120315bd-c8d4-4bd0-bedb-ee1626210d0f | title=Crypto Tax – FIFO Summary
2025-11-23T21:02:36Z [INFO] cryptotaxcalc.pdf: PDF built successfully: {'timestamp': '2025-11-23T20:02:25Z', 'run_id': '120315bd-c8d4-4bd0-bedb-ee1626210d0f', 'title': 'Crypto Tax – FIFO Summary', 'summary_sections': {'by_month': False, 'by_quote': True, 'by_asset': False, 'eur_summary': True, 'top_events': 25}, 'pdf_size_bytes': 28396272}
2025-11-23T23:26:24Z [INFO] cryptotaxcalc.pdf: Building summary PDF for run_id=49f42b79-2c0d-4195-98fb-fd35cb268720 | title=Crypto Tax – FIFO Summary
2025-11-23T23:26:35Z [INFO] cryptotaxcalc.pdf: PDF built successfully: {'timestamp': '2025-11-23T22:26:24Z', 'run_id': '49f42b79-2c0d-4195-98fb-fd35cb268720', 'title': 'Crypto Tax – FIFO Summary', 'summary_sections': {'by_month': True, 'by_quote': True, 'by_asset': True, 'eur_summary': True, 'top_events': 25}, 'pdf_size_bytes': 28412856}
2025-11-23T23:39:35Z [INFO] cryptotaxcalc.pdf: Building summary PDF for run_id=da20d2bb-67fa-4eaf-8c4a-708037e8c62f | title=Crypto Tax – FIFO Summary
2025-11-23T23:39:47Z [INFO] cryptotaxcalc.pdf: PDF built successfully: {'timestamp': '2025-11-23T22:39:35Z', 'run_id': 'da20d2bb-67fa-4eaf-8c4a-708037e8c62f', 'title': 'Crypto Tax – FIFO Summary', 'summary_sections': {'by_month': True, 'by_quote': True, 'by_asset': True, 'eur_summary': True, 'top_events': 25}, 'pdf_size_bytes': 28431396}
2025-11-24T00:09:53Z [INFO] cryptotaxcalc.pdf: Building summary PDF for run_id=da20d2bb-67fa-4eaf-8c4a-708037e8c62f | title=Crypto Tax – FIFO Summary
2025-11-24T00:10:04Z [INFO] cryptotaxcalc.pdf: PDF built successfully: {'timestamp': '2025-11-23T23:09:53Z', 'run_id': 'da20d2bb-67fa-4eaf-8c4a-708037e8c62f', 'title': 'Crypto Tax – FIFO Summary', 'summary_sections': {'by_month': True, 'by_quote': True, 'by_asset': True, 'eur_summary': True, 'top_events': 25}, 'pdf_size_bytes': 28434228}
2025-11-24T00:29:20Z [INFO] cryptotaxcalc.pdf: Building summary PDF for run_id=df34316b-8d69-413a-9534-9b3872681f39 | title=Crypto Tax – FIFO Summary
2025-11-24T00:29:21Z [WARNING] cryptotaxcalc.pdf: PDF generation failed: cannot access local variable 'next_steps_points' where it is not associated with a value
2025-11-24T00:31:50Z [INFO] cryptotaxcalc.pdf: Building summary PDF for run_id=5e86dedc-c2ec-4d4a-9920-f9c2db0b7725 | title=Crypto Tax – FIFO Summary
2025-11-24T00:32:02Z [INFO] cryptotaxcalc.pdf: PDF built successfully: {'timestamp': '2025-11-23T23:31:50Z', 'run_id': '5e86dedc-c2ec-4d4a-9920-f9c2db0b7725', 'title': 'Crypto Tax – FIFO Summary', 'summary_sections': {'by_month': True, 'by_quote': True, 'by_asset': True, 'eur_summary': True, 'top_events': 25}, 'pdf_size_bytes': 28434714}
2025-11-24T01:02:32Z [INFO] cryptotaxcalc.pdf: Building summary PDF for run_id=5a248baa-f037-4758-be03-ea6c9200102f | title=Crypto Tax – FIFO Summary
2025-11-24T01:02:43Z [INFO] cryptotaxcalc.pdf: PDF built successfully: {'timestamp': '2025-11-24T00:02:32Z', 'run_id': '5a248baa-f037-4758-be03-ea6c9200102f', 'title': 'Crypto Tax – FIFO Summary', 'summary_sections': {'by_month': True, 'by_quote': True, 'by_asset': True, 'eur_summary': True, 'top_events': 25}, 'pdf_size_bytes': 28434719}
2025-11-24T01:08:23Z [INFO] cryptotaxcalc.pdf: Building summary PDF for run_id=93e4dc5f-228b-464a-9798-11938c74681c | title=Crypto Tax – FIFO Summary
2025-11-24T01:08:36Z [INFO] cryptotaxcalc.pdf: PDF built successfully: {'timestamp': '2025-11-24T00:08:23Z', 'run_id': '93e4dc5f-228b-464a-9798-11938c74681c', 'title': 'Crypto Tax – FIFO Summary', 'summary_sections': {'by_month': True, 'by_quote': True, 'by_asset': True, 'eur_summary': True, 'top_events': 25}, 'pdf_size_bytes': 28434708}
2025-11-24T01:10:23Z [INFO] cryptotaxcalc.pdf: Building summary PDF for run_id=d1e6958e-654d-4c1e-8b5b-f7a1294ebaaf | title=Crypto Tax – FIFO Summary
2025-11-24T01:10:37Z [INFO] cryptotaxcalc.pdf: PDF built successfully: {'timestamp': '2025-11-24T00:10:23Z', 'run_id': 'd1e6958e-654d-4c1e-8b5b-f7a1294ebaaf', 'title': 'Crypto Tax – FIFO Summary', 'summary_sections': {'by_month': True, 'by_quote': True, 'by_asset': True, 'eur_summary': True, 'top_events': 25}, 'pdf_size_bytes': 30352750}
2025-11-24T08:39:47Z [INFO] cryptotaxcalc.pdf: Building summary PDF for run_id=a223abb2-398d-4810-9f93-fad7333faa6a | title=Crypto Tax – FIFO Summary
2025-11-24T08:39:59Z [INFO] cryptotaxcalc.pdf: PDF built successfully: {'timestamp': '2025-11-24T07:39:47Z', 'run_id': 'a223abb2-398d-4810-9f93-fad7333faa6a', 'title': 'Crypto Tax – FIFO Summary', 'summary_sections': {'by_month': True, 'by_quote': True, 'by_asset': True, 'eur_summary': True, 'top_events': 25}, 'pdf_size_bytes': 30383906}
2025-11-24T09:24:38Z [INFO] cryptotaxcalc.pdf: Building summary PDF for run_id=7d7f7e84-6bb5-4537-a406-621a91dd5ec7 | title=Crypto Tax – FIFO Summary
2025-11-24T09:24:50Z [INFO] cryptotaxcalc.pdf: PDF built successfully: {'timestamp': '2025-11-24T08:24:38Z', 'run_id': '7d7f7e84-6bb5-4537-a406-621a91dd5ec7', 'title': 'Crypto Tax – FIFO Summary', 'summary_sections': {'by_month': True, 'by_quote': True, 'by_asset': True, 'eur_summary': True, 'top_events': 25}, 'pdf_size_bytes': 30353438}
2025-11-24T09:46:40Z [INFO] cryptotaxcalc.pdf: Building summary PDF for run_id=0be7b213-e35a-429b-9b05-a6ab2d48e807 | title=Crypto Tax – FIFO Summary
2025-11-24T09:52:59Z [INFO] cryptotaxcalc.pdf: Building summary PDF for run_id=8f5d2d6f-2a0f-434a-9f05-1e77b32d053b | title=Crypto Tax – FIFO Summary
2025-11-24T09:53:11Z [INFO] cryptotaxcalc.pdf: PDF built successfully: {'timestamp': '2025-11-24T08:52:59Z', 'run_id': '8f5d2d6f-2a0f-434a-9f05-1e77b32d053b', 'title': 'Crypto Tax – FIFO Summary', 'summary_sections': {'by_month': True, 'by_quote': True, 'by_asset': True, 'eur_summary': True, 'top_events': 25}, 'pdf_size_bytes': 30349891}
2025-11-24T10:12:25Z [INFO] cryptotaxcalc.pdf: Building summary PDF for run_id=904414d0-ee52-4e7f-b006-552f56239132 | title=Crypto Tax – FIFO Summary
2025-11-24T10:12:37Z [INFO] cryptotaxcalc.pdf: PDF built successfully: {'timestamp': '2025-11-24T09:12:25Z', 'run_id': '904414d0-ee52-4e7f-b006-552f56239132', 'title': 'Crypto Tax – FIFO Summary', 'summary_sections': {'by_month': True, 'by_quote': True, 'by_asset': True, 'eur_summary': True, 'top_events': 25}, 'pdf_size_bytes': 30353624}
2025-11-24T10:39:33Z [INFO] cryptotaxcalc.pdf: Building summary PDF for run_id=3d281f67-e55b-42e6-99ef-cb390033c3ea | title=Crypto Tax – FIFO Summary
2025-11-24T10:39:46Z [INFO] cryptotaxcalc.pdf: PDF built successfully: {'timestamp': '2025-11-24T09:39:33Z', 'run_id': '3d281f67-e55b-42e6-99ef-cb390033c3ea', 'title': 'Crypto Tax – FIFO Summary', 'summary_sections': {'by_month': True, 'by_quote': True, 'by_asset': True, 'eur_summary': True, 'top_events': 25}, 'pdf_size_bytes': 30351971}
2025-11-24T12:06:08Z [INFO] cryptotaxcalc.pdf: Building summary PDF for run_id=e6974d30-581d-42fa-be3c-e48568a40d98 | title=Crypto Tax – FIFO Summary
2025-11-24T12:06:19Z [INFO] cryptotaxcalc.pdf: PDF built successfully: {'timestamp': '2025-11-24T11:06:08Z', 'run_id': 'e6974d30-581d-42fa-be3c-e48568a40d98', 'title': 'Crypto Tax – FIFO Summary', 'summary_sections': {'by_month': True, 'by_quote': True, 'by_asset': True, 'eur_summary': True, 'top_events': 25}, 'pdf_size_bytes': 30353629}
2025-11-24T17:14:32Z [INFO] cryptotaxcalc.pdf: Building summary PDF for run_id=e6974d30-581d-42fa-be3c-e48568a40d98 | title=Crypto Tax – FIFO Summary
2025-11-24T17:14:44Z [INFO] cryptotaxcalc.pdf: PDF built successfully: {'timestamp': '2025-11-24T16:14:32Z', 'run_id': 'e6974d30-581d-42fa-be3c-e48568a40d98', 'title': 'Crypto Tax – FIFO Summary', 'summary_sections': {'by_month': True, 'by_quote': True, 'by_asset': True, 'eur_summary': True, 'top_events': 25}, 'pdf_size_bytes': 30353628}
2025-11-24T17:30:32Z [INFO] cryptotaxcalc.pdf: Building summary PDF for run_id=a033f5ff-15e7-4244-9fc7-235d8ea0f07d | title=Crypto Tax – FIFO Summary
2025-11-24T17:30:44Z [INFO] cryptotaxcalc.pdf: PDF built successfully: {'timestamp': '2025-11-24T16:30:32Z', 'run_id': 'a033f5ff-15e7-4244-9fc7-235d8ea0f07d', 'title': 'Crypto Tax – FIFO Summary', 'summary_sections': {'by_month': True, 'by_quote': True, 'by_asset': True, 'eur_summary': True, 'top_events': 25}, 'pdf_size_bytes': 30351983}
2025-11-24T18:10:01Z [INFO] cryptotaxcalc.pdf: Building summary PDF for run_id=61589f8b-fd09-4410-b9ac-10b6eeaf1126 | title=Crypto Tax – FIFO Summary
2025-11-24T18:10:14Z [INFO] cryptotaxcalc.pdf: PDF built successfully: {'timestamp': '2025-11-24T17:10:01Z', 'run_id': '61589f8b-fd09-4410-b9ac-10b6eeaf1126', 'title': 'Crypto Tax – FIFO Summary', 'summary_sections': {'by_month': True, 'by_quote': True, 'by_asset': True, 'eur_summary': True, 'top_events': 25}, 'pdf_size_bytes': 30354954}
2025-11-24T18:19:30Z [INFO] cryptotaxcalc.pdf: Building summary PDF for run_id=4454258d-1d52-48c7-bc66-e54a1a1b0616 | title=Crypto Tax – FIFO Summary
2025-11-24T18:19:43Z [INFO] cryptotaxcalc.pdf: PDF built successfully: {'timestamp': '2025-11-24T17:19:30Z', 'run_id': '4454258d-1d52-48c7-bc66-e54a1a1b0616', 'title': 'Crypto Tax – FIFO Summary', 'summary_sections': {'by_month': True, 'by_quote': True, 'by_asset': True, 'eur_summary': True, 'top_events': 25}, 'pdf_size_bytes': 30355199}
2025-11-24T18:20:28Z [INFO] cryptotaxcalc.pdf: Building summary PDF for run_id=eb2e251d-5556-4d24-a38c-a2a8bd511bed | title=Crypto Tax – FIFO Summary
2025-11-24T18:20:54Z [INFO] cryptotaxcalc.pdf: Building summary PDF for run_id=eb2e251d-5556-4d24-a38c-a2a8bd511bed | title=Crypto Tax – FIFO Summary
2025-11-24T18:21:05Z [INFO] cryptotaxcalc.pdf: PDF built successfully: {'timestamp': '2025-11-24T17:20:54Z', 'run_id': 'eb2e251d-5556-4d24-a38c-a2a8bd511bed', 'title': 'Crypto Tax – FIFO Summary', 'summary_sections': {'by_month': True, 'by_quote': True, 'by_asset': True, 'eur_summary': True, 'top_events': 25}, 'pdf_size_bytes': 30355202}
2025-11-24T18:21:28Z [INFO] cryptotaxcalc.pdf: Building summary PDF for run_id=32cc072f-7c4b-490c-9d6e-6ac920941fe8 | title=Crypto Tax – FIFO Summary
2025-11-24T18:21:39Z [INFO] cryptotaxcalc.pdf: PDF built successfully: {'timestamp': '2025-11-24T17:21:28Z', 'run_id': '32cc072f-7c4b-490c-9d6e-6ac920941fe8', 'title': 'Crypto Tax – FIFO Summary', 'summary_sections': {'by_month': True, 'by_quote': True, 'by_asset': True, 'eur_summary': True, 'top_events': 25}, 'pdf_size_bytes': 30355206}
2025-11-24T18:36:18Z [INFO] cryptotaxcalc.pdf: Building summary PDF for run_id=2c352a11-b29a-4f60-bbcd-18f5ad473d79 | title=Crypto Tax – FIFO Summary
2025-11-24T18:36:29Z [INFO] cryptotaxcalc.pdf: PDF built successfully: {'timestamp': '2025-11-24T17:36:18Z', 'run_id': '2c352a11-b29a-4f60-bbcd-18f5ad473d79', 'title': 'Crypto Tax – FIFO Summary', 'summary_sections': {'by_month': True, 'by_quote': True, 'by_asset': True, 'eur_summary': True, 'top_events': 25}, 'pdf_size_bytes': 30355194}
2025-12-05T08:11:30Z [INFO] cryptotaxcalc.pdf: Building summary PDF for run_id=2df73df9-64b9-4967-a7c9-8bf1f78ee01f | title=CryptoTaxCalc – Workspace Summary
2025-12-05T08:11:30Z [WARNING] cryptotaxcalc.pdf: PDF generation failed: Wedge sizes 'x' must be non negative values
2025-12-05T08:14:04Z [INFO] cryptotaxcalc.pdf: Building summary PDF for run_id=4ff2c674-5625-4466-99ca-1484e13f86ad | title=CryptoTaxCalc – Workspace Summary
2025-12-05T08:14:04Z [WARNING] cryptotaxcalc.pdf: PDF generation failed: Wedge sizes 'x' must be non negative values
2025-12-05T08:48:04Z [INFO] cryptotaxcalc.pdf: Building summary PDF for run_id=4ff2c674-5625-4466-99ca-1484e13f86ad | title=CryptoTaxCalc – Workspace Summary
2025-12-05T08:48:20Z [INFO] cryptotaxcalc.pdf: PDF built successfully: {'timestamp': '2025-12-05T07:48:04Z', 'run_id': '4ff2c674-5625-4466-99ca-1484e13f86ad', 'title': 'CryptoTaxCalc – Workspace Summary', 'summary_sections': {'by_month': True, 'by_quote': False, 'by_asset': True, 'eur_summary': True, 'top_events': 22}, 'pdf_size_bytes': 30345725}
2025-12-05T08:48:30Z [INFO] cryptotaxcalc.pdf: Building summary PDF for run_id=13ad95f0-1230-4518-be53-3d307bd41e59 | title=CryptoTaxCalc – Workspace Summary
2025-12-05T08:48:45Z [INFO] cryptotaxcalc.pdf: PDF built successfully: {'timestamp': '2025-12-05T07:48:30Z', 'run_id': '13ad95f0-1230-4518-be53-3d307bd41e59', 'title': 'CryptoTaxCalc – Workspace Summary', 'summary_sections': {'by_month': True, 'by_quote': False, 'by_asset': True, 'eur_summary': True, 'top_events': 22}, 'pdf_size_bytes': 30345719}
2025-12-05T09:26:14Z [INFO] cryptotaxcalc.pdf: Building summary PDF for run_id=13ad95f0-1230-4518-be53-3d307bd41e59 | title=CryptoTaxCalc – Workspace Summary
2025-12-05T09:26:29Z [INFO] cryptotaxcalc.pdf: PDF built successfully: {'timestamp': '2025-12-05T08:26:14Z', 'run_id': '13ad95f0-1230-4518-be53-3d307bd41e59', 'title': 'CryptoTaxCalc – Workspace Summary', 'summary_sections': {'by_month': True, 'by_quote': False, 'by_asset': True, 'eur_summary': True, 'top_events': 22}, 'pdf_size_bytes': 30345719}
2025-12-05T09:27:50Z [INFO] cryptotaxcalc.pdf: Building summary PDF for run_id=13ad95f0-1230-4518-be53-3d307bd41e59 | title=CryptoTaxCalc – Workspace Summary
2025-12-05T09:28:05Z [INFO] cryptotaxcalc.pdf: PDF built successfully: {'timestamp': '2025-12-05T08:27:50Z', 'run_id': '13ad95f0-1230-4518-be53-3d307bd41e59', 'title': 'CryptoTaxCalc – Workspace Summary', 'summary_sections': {'by_month': True, 'by_quote': False, 'by_asset': True, 'eur_summary': True, 'top_events': 22}, 'pdf_size_bytes': 30345715}
2025-12-05T09:28:45Z [INFO] cryptotaxcalc.pdf: Building summary PDF for run_id=373e5162-9c26-447e-ad3b-b073939ce382 | title=CryptoTaxCalc – Workspace Summary (BTC, 2025)
2025-12-05T09:29:00Z [INFO] cryptotaxcalc.pdf: PDF built successfully: {'timestamp': '2025-12-05T08:28:45Z', 'run_id': '373e5162-9c26-447e-ad3b-b073939ce382', 'title': 'CryptoTaxCalc – Workspace Summary (BTC, 2025)', 'summary_sections': {'by_month': True, 'by_quote': False, 'by_asset': True, 'eur_summary': True, 'top_events': 4}, 'pdf_size_bytes': 30332249}
2025-12-13T22:28:56Z [INFO] cryptotaxcalc.pdf: Building summary PDF for run_id=5e8974cd-3bc9-423c-a426-a929f77c72c4 | title=CryptoTaxCalc – Workspace Summary
2025-12-13T22:29:07Z [INFO] cryptotaxcalc.pdf: PDF built successfully: {'timestamp': '2025-12-13T21:28:56Z', 'run_id': '5e8974cd-3bc9-423c-a426-a929f77c72c4', 'title': 'CryptoTaxCalc – Workspace Summary', 'summary_sections': {'by_month': True, 'by_quote': False, 'by_asset': True, 'eur_summary': True, 'top_events': 22}, 'pdf_size_bytes': 30345746}
2025-12-14T10:17:27Z [INFO] cryptotaxcalc.pdf: Building summary PDF for run_id=ee7521b0-f848-449b-ab47-b5486b2bf40b | title=CryptoTaxCalc – Workspace Summary (All assets, 2025)
2025-12-14T10:17:40Z [INFO] cryptotaxcalc.pdf: PDF built successfully: {'timestamp': '2025-12-14T09:17:27Z', 'run_id': 'ee7521b0-f848-449b-ab47-b5486b2bf40b', 'title': 'CryptoTaxCalc – Workspace Summary (All assets, 2025)', 'summary_sections': {'by_month': True, 'by_quote': False, 'by_asset': True, 'eur_summary': True, 'top_events': 18}, 'pdf_size_bytes': 30342837}
2025-12-18T11:36:15Z [INFO] cryptotaxcalc.pdf: Building summary PDF for run_id=16385c61-2384-4608-acce-9c8605b1f94d | title=Crypto Tax – FIFO Summary
2025-12-18T11:36:28Z [INFO] cryptotaxcalc.pdf: PDF built successfully: {'timestamp': '2025-12-18T10:36:15Z', 'run_id': '16385c61-2384-4608-acce-9c8605b1f94d', 'title': 'Crypto Tax – FIFO Summary', 'summary_sections': {'by_month': True, 'by_quote': True, 'by_asset': True, 'eur_summary': True, 'top_events': 22}, 'pdf_size_bytes': 30347275}
2025-12-27T09:07:30Z [INFO] cryptotaxcalc.pdf: Building summary PDF for run_id=43d4ff79-5697-4fa2-9908-fc72afa57518 | title=CryptoTaxCalc – Workspace Summary
2025-12-27T09:07:42Z [INFO] cryptotaxcalc.pdf: PDF built successfully: {'timestamp': '2025-12-27T08:07:30Z', 'run_id': '43d4ff79-5697-4fa2-9908-fc72afa57518', 'title': 'CryptoTaxCalc – Workspace Summary', 'summary_sections': {'by_month': True, 'by_quote': False, 'by_asset': True, 'eur_summary': True, 'top_events': 50}, 'pdf_size_bytes': 30353648}
2025-12-27T09:09:31Z [INFO] cryptotaxcalc.pdf: Building summary PDF for run_id=43d4ff79-5697-4fa2-9908-fc72afa57518 | title=CryptoTaxCalc – Workspace Summary (All assets, 2025)
2025-12-27T09:09:43Z [INFO] cryptotaxcalc.pdf: PDF built successfully: {'timestamp': '2025-12-27T08:09:31Z', 'run_id': '43d4ff79-5697-4fa2-9908-fc72afa57518', 'title': 'CryptoTaxCalc – Workspace Summary (All assets, 2025)', 'summary_sections': {'by_month': True, 'by_quote': False, 'by_asset': True, 'eur_summary': True, 'top_events': 14}, 'pdf_size_bytes': 30338468}
2025-12-27T10:49:08Z [INFO] cryptotaxcalc.pdf: Building summary PDF for run_id=6076a653-1502-485a-95b3-76a959de564d | title=CryptoTaxCalc – Workspace Summary
2025-12-27T10:49:13Z [INFO] cryptotaxcalc.pdf: Building summary PDF for run_id=6076a653-1502-485a-95b3-76a959de564d | title=CryptoTaxCalc – Workspace Summary (All assets, 2025)
2025-12-27T10:49:24Z [INFO] cryptotaxcalc.pdf: PDF built successfully: {'timestamp': '2025-12-27T09:49:08Z', 'run_id': '6076a653-1502-485a-95b3-76a959de564d', 'title': 'CryptoTaxCalc – Workspace Summary', 'summary_sections': {'by_month': True, 'by_quote': False, 'by_asset': True, 'eur_summary': True, 'top_events': 50}, 'pdf_size_bytes': 30353628}
2025-12-27T10:49:31Z [INFO] cryptotaxcalc.pdf: PDF built successfully: {'timestamp': '2025-12-27T09:49:13Z', 'run_id': '6076a653-1502-485a-95b3-76a959de564d', 'title': 'CryptoTaxCalc – Workspace Summary (All assets, 2025)', 'summary_sections': {'by_month': True, 'by_quote': False, 'by_asset': True, 'eur_summary': True, 'top_events': 14}, 'pdf_size_bytes': 30338453}
2025-12-27T11:44:48Z [INFO] cryptotaxcalc.pdf: Building summary PDF for run_id=8c4e7727-7b74-4e01-8945-52a3885e0f6c | title=CryptoTaxCalc – Workspace Summary (All assets, 2025)
2025-12-27T11:45:01Z [INFO] cryptotaxcalc.pdf: PDF built successfully: {'timestamp': '2025-12-27T10:44:48Z', 'run_id': '8c4e7727-7b74-4e01-8945-52a3885e0f6c', 'title': 'CryptoTaxCalc – Workspace Summary (All assets, 2025)', 'summary_sections': {'by_month': True, 'by_quote': False, 'by_asset': True, 'eur_summary': True, 'top_events': 14}, 'pdf_size_bytes': 30338448}
2025-12-27T11:45:03Z [INFO] cryptotaxcalc.pdf: Building summary PDF for run_id=8c4e7727-7b74-4e01-8945-52a3885e0f6c | title=CryptoTaxCalc – Workspace Summary
2025-12-27T11:45:16Z [INFO] cryptotaxcalc.pdf: PDF built successfully: {'timestamp': '2025-12-27T10:45:03Z', 'run_id': '8c4e7727-7b74-4e01-8945-52a3885e0f6c', 'title': 'CryptoTaxCalc – Workspace Summary', 'summary_sections': {'by_month': True, 'by_quote': False, 'by_asset': True, 'eur_summary': True, 'top_events': 50}, 'pdf_size_bytes': 28189626}
2025-12-28T19:17:50Z [INFO] cryptotaxcalc.pdf: Building summary PDF for run_id=2d217e34-fa09-4d1f-9e84-304861fa8c01 | title=CryptoTaxCalc – Workspace Summary
2025-12-28T19:18:01Z [INFO] cryptotaxcalc.pdf: PDF built successfully: {'timestamp': '2025-12-28T18:17:50Z', 'run_id': '2d217e34-fa09-4d1f-9e84-304861fa8c01', 'title': 'CryptoTaxCalc – Workspace Summary', 'summary_sections': {'by_month': True, 'by_quote': False, 'by_asset': True, 'eur_summary': True, 'top_events': 50}, 'pdf_size_bytes': 28190353}
2025-12-28T19:18:09Z [INFO] cryptotaxcalc.pdf: Building summary PDF for run_id=2d217e34-fa09-4d1f-9e84-304861fa8c01 | title=CryptoTaxCalc – Workspace Summary (All assets, 2025)
2025-12-28T19:18:21Z [INFO] cryptotaxcalc.pdf: PDF built successfully: {'timestamp': '2025-12-28T18:18:09Z', 'run_id': '2d217e34-fa09-4d1f-9e84-304861fa8c01', 'title': 'CryptoTaxCalc – Workspace Summary (All assets, 2025)', 'summary_sections': {'by_month': True, 'by_quote': False, 'by_asset': True, 'eur_summary': True, 'top_events': 18}, 'pdf_size_bytes': 30340216}
2025-12-28T21:21:53Z [INFO] cryptotaxcalc.pdf: Building summary PDF for run_id=2d217e34-fa09-4d1f-9e84-304861fa8c01 | title=CryptoTaxCalc – Workspace Summary
2025-12-28T21:21:54Z [INFO] cryptotaxcalc.pdf: Building summary PDF for run_id=2d217e34-fa09-4d1f-9e84-304861fa8c01 | title=CryptoTaxCalc – Workspace Summary (All assets, 2025)
2025-12-28T21:22:10Z [INFO] cryptotaxcalc.pdf: PDF built successfully: {'timestamp': '2025-12-28T20:21:53Z', 'run_id': '2d217e34-fa09-4d1f-9e84-304861fa8c01', 'title': 'CryptoTaxCalc – Workspace Summary', 'summary_sections': {'by_month': True, 'by_quote': True, 'by_asset': True, 'eur_summary': True, 'top_events': 50}, 'pdf_size_bytes': 28190724}
2025-12-28T21:22:12Z [INFO] cryptotaxcalc.pdf: PDF built successfully: {'timestamp': '2025-12-28T20:21:54Z', 'run_id': '2d217e34-fa09-4d1f-9e84-304861fa8c01', 'title': 'CryptoTaxCalc – Workspace Summary (All assets, 2025)', 'summary_sections': {'by_month': True, 'by_quote': False, 'by_asset': True, 'eur_summary': True, 'top_events': 18}, 'pdf_size_bytes': 30339681}
2025-12-28T22:09:13Z [INFO] cryptotaxcalc.pdf: Building summary PDF for run_id=2d217e34-fa09-4d1f-9e84-304861fa8c01 | title=CryptoTaxCalc – Workspace Summary
2025-12-28T22:09:15Z [INFO] cryptotaxcalc.pdf: Building summary PDF for run_id=2d217e34-fa09-4d1f-9e84-304861fa8c01 | title=CryptoTaxCalc – Workspace Summary (All assets, 2025)
2025-12-28T22:09:30Z [INFO] cryptotaxcalc.pdf: PDF built successfully: {'timestamp': '2025-12-28T21:09:13Z', 'run_id': '2d217e34-fa09-4d1f-9e84-304861fa8c01', 'title': 'CryptoTaxCalc – Workspace Summary', 'summary_sections': {'by_month': True, 'by_quote': True, 'by_asset': True, 'eur_summary': True, 'top_events': 50}, 'pdf_size_bytes': 28192373}
2025-12-28T22:09:33Z [INFO] cryptotaxcalc.pdf: PDF built successfully: {'timestamp': '2025-12-28T21:09:15Z', 'run_id': '2d217e34-fa09-4d1f-9e84-304861fa8c01', 'title': 'CryptoTaxCalc – Workspace Summary (All assets, 2025)', 'summary_sections': {'by_month': True, 'by_quote': False, 'by_asset': True, 'eur_summary': True, 'top_events': 18}, 'pdf_size_bytes': 30340435}
2025-12-29T08:58:33Z [INFO] cryptotaxcalc.pdf: Building summary PDF for run_id=b9fdf9be-6540-4647-be3b-04060475709c | title=CryptoTaxCalc – Workspace Summary
2025-12-29T08:58:35Z [INFO] cryptotaxcalc.pdf: Building summary PDF for run_id=b9fdf9be-6540-4647-be3b-04060475709c | title=CryptoTaxCalc – Workspace Summary (All assets, 2025)
2025-12-29T08:58:49Z [INFO] cryptotaxcalc.pdf: PDF built successfully: {'timestamp': '2025-12-29T07:58:33Z', 'run_id': 'b9fdf9be-6540-4647-be3b-04060475709c', 'title': 'CryptoTaxCalc – Workspace Summary', 'summary_sections': {'by_month': True, 'by_quote': True, 'by_asset': True, 'eur_summary': True, 'top_events': 50}, 'pdf_size_bytes': 28192395}
2025-12-29T08:58:53Z [INFO] cryptotaxcalc.pdf: PDF built successfully: {'timestamp': '2025-12-29T07:58:35Z', 'run_id': 'b9fdf9be-6540-4647-be3b-04060475709c', 'title': 'CryptoTaxCalc – Workspace Summary (All assets, 2025)', 'summary_sections': {'by_month': True, 'by_quote': True, 'by_asset': True, 'eur_summary': True, 'top_events': 18}, 'pdf_size_bytes': 30340841}
2025-12-29T11:16:33Z [INFO] cryptotaxcalc.pdf: Building summary PDF for run_id=b9fdf9be-6540-4647-be3b-04060475709c | title=CryptoTaxCalc – Workspace Summary (All assets, 2025)
2025-12-29T11:16:40Z [INFO] cryptotaxcalc.pdf: Building summary PDF for run_id=b9fdf9be-6540-4647-be3b-04060475709c | title=CryptoTaxCalc – Workspace Summary
2025-12-29T11:16:49Z [INFO] cryptotaxcalc.pdf: PDF built successfully: {'timestamp': '2025-12-29T10:16:33Z', 'run_id': 'b9fdf9be-6540-4647-be3b-04060475709c', 'title': 'CryptoTaxCalc – Workspace Summary (All assets, 2025)', 'summary_sections': {'by_month': True, 'by_quote': True, 'by_asset': True, 'eur_summary': True, 'top_events': 18}, 'pdf_size_bytes': 30338942}
2025-12-29T11:16:56Z [INFO] cryptotaxcalc.pdf: PDF built successfully: {'timestamp': '2025-12-29T10:16:40Z', 'run_id': 'b9fdf9be-6540-4647-be3b-04060475709c', 'title': 'CryptoTaxCalc – Workspace Summary', 'summary_sections': {'by_month': True, 'by_quote': True, 'by_asset': True, 'eur_summary': True, 'top_events': 50}, 'pdf_size_bytes': 28190750}
2025-12-29T12:26:14Z [INFO] cryptotaxcalc.pdf: Building summary PDF for run_id=b9fdf9be-6540-4647-be3b-04060475709c | title=CryptoTaxCalc – Workspace Summary (All assets, 2025)
2025-12-29T12:26:20Z [INFO] cryptotaxcalc.pdf: Building summary PDF for run_id=b9fdf9be-6540-4647-be3b-04060475709c | title=CryptoTaxCalc – Workspace Summary
2025-12-29T12:26:31Z [INFO] cryptotaxcalc.pdf: PDF built successfully: {'timestamp': '2025-12-29T11:26:14Z', 'run_id': 'b9fdf9be-6540-4647-be3b-04060475709c', 'title': 'CryptoTaxCalc – Workspace Summary (All assets, 2025)', 'summary_sections': {'by_month': True, 'by_quote': True, 'by_asset': True, 'eur_summary': True, 'top_events': 18}, 'pdf_size_bytes': 30338941}
2025-12-29T12:26:35Z [INFO] cryptotaxcalc.pdf: Building summary PDF for run_id=b9fdf9be-6540-4647-be3b-04060475709c | title=CryptoTaxCalc – Workspace Summary (All assets, 2025)
2025-12-29T12:26:37Z [INFO] cryptotaxcalc.pdf: PDF built successfully: {'timestamp': '2025-12-29T11:26:20Z', 'run_id': 'b9fdf9be-6540-4647-be3b-04060475709c', 'title': 'CryptoTaxCalc – Workspace Summary', 'summary_sections': {'by_month': True, 'by_quote': True, 'by_asset': True, 'eur_summary': True, 'top_events': 50}, 'pdf_size_bytes': 28190784}
2025-12-29T12:26:40Z [INFO] cryptotaxcalc.pdf: Building summary PDF for run_id=b9fdf9be-6540-4647-be3b-04060475709c | title=CryptoTaxCalc – Workspace Summary
2025-12-29T12:26:53Z [INFO] cryptotaxcalc.pdf: PDF built successfully: {'timestamp': '2025-12-29T11:26:35Z', 'run_id': 'b9fdf9be-6540-4647-be3b-04060475709c', 'title': 'CryptoTaxCalc – Workspace Summary (All assets, 2025)', 'summary_sections': {'by_month': True, 'by_quote': True, 'by_asset': True, 'eur_summary': True, 'top_events': 18}, 'pdf_size_bytes': 30338948}
2025-12-29T12:26:57Z [INFO] cryptotaxcalc.pdf: PDF built successfully: {'timestamp': '2025-12-29T11:26:40Z', 'run_id': 'b9fdf9be-6540-4647-be3b-04060475709c', 'title': 'CryptoTaxCalc – Workspace Summary', 'summary_sections': {'by_month': True, 'by_quote': True, 'by_asset': True, 'eur_summary': True, 'top_events': 50}, 'pdf_size_bytes': 28190783}
2026-01-09T09:10:55Z [INFO] cryptotaxcalc.pdf: Building summary PDF for run_id=f601472a-33d6-4530-b615-3b9e3d42e804 | title=CryptoTaxCalc – Workspace Summary
2026-01-09T09:11:07Z [INFO] cryptotaxcalc.pdf: PDF built successfully: {'timestamp': '2026-01-09T08:10:55Z', 'run_id': 'f601472a-33d6-4530-b615-3b9e3d42e804', 'title': 'CryptoTaxCalc – Workspace Summary', 'summary_sections': {'by_month': True, 'by_quote': True, 'by_asset': True, 'eur_summary': True, 'top_events': 50}, 'pdf_size_bytes': 28190787}
2026-02-28T07:49:29Z [INFO] cryptotaxcalc.pdf: Building summary PDF for run_id=894bbc7b-2be5-4460-ae68-b135343814b8 | title=CryptoTaxCalc – Workspace Summary (All assets, All years)
2026-02-28T07:49:42Z [INFO] cryptotaxcalc.pdf: PDF built successfully: {'timestamp': '2026-02-28T06:49:29Z', 'run_id': '894bbc7b-2be5-4460-ae68-b135343814b8', 'title': 'CryptoTaxCalc – Workspace Summary (All assets, All years)', 'summary_sections': {'by_month': True, 'by_quote': True, 'by_asset': True, 'eur_summary': True, 'top_events': 50}, 'pdf_size_bytes': 28192907}
2026-02-28T08:07:16Z [INFO] cryptotaxcalc.pdf: Building summary PDF for run_id=8810e75a-6cab-402f-b10d-2ae37be853a8 | title=CryptoTaxCalc – Workspace Summary
2026-02-28T08:07:27Z [INFO] cryptotaxcalc.pdf: PDF built successfully: {'timestamp': '2026-02-28T07:07:16Z', 'run_id': '8810e75a-6cab-402f-b10d-2ae37be853a8', 'title': 'CryptoTaxCalc – Workspace Summary', 'summary_sections': {'by_month': True, 'by_quote': True, 'by_asset': True, 'eur_summary': True, 'top_events': 50}, 'pdf_size_bytes': 28192886}
2026-02-28T13:22:25Z [INFO] cryptotaxcalc.pdf: Building summary PDF for run_id=8810e75a-6cab-402f-b10d-2ae37be853a8 | title=CryptoTaxCalc – Workspace Summary
2026-02-28T13:22:36Z [INFO] cryptotaxcalc.pdf: PDF built successfully: {'timestamp': '2026-02-28T12:22:25Z', 'run_id': '8810e75a-6cab-402f-b10d-2ae37be853a8', 'title': 'CryptoTaxCalc – Workspace Summary', 'summary_sections': {'by_month': True, 'by_quote': True, 'by_asset': True, 'eur_summary': True, 'top_events': 50}, 'pdf_size_bytes': 28192885}
2026-02-28T13:23:14Z [INFO] cryptotaxcalc.pdf: Building summary PDF for run_id=0cbf000a-0972-4516-bea2-f5d5a99af27d | title=CryptoTaxCalc – Workspace Summary
2026-02-28T13:23:24Z [INFO] cryptotaxcalc.pdf: Building summary PDF for run_id=0cbf000a-0972-4516-bea2-f5d5a99af27d | title=CryptoTaxCalc – Workspace Summary (All assets, All years)
2026-02-28T13:23:26Z [INFO] cryptotaxcalc.pdf: PDF built successfully: {'timestamp': '2026-02-28T12:23:14Z', 'run_id': '0cbf000a-0972-4516-bea2-f5d5a99af27d', 'title': 'CryptoTaxCalc – Workspace Summary', 'summary_sections': {'by_month': True, 'by_quote': True, 'by_asset': True, 'eur_summary': True, 'top_events': 50}, 'pdf_size_bytes': 28192877}
2026-02-28T13:23:36Z [INFO] cryptotaxcalc.pdf: PDF built successfully: {'timestamp': '2026-02-28T12:23:24Z', 'run_id': '0cbf000a-0972-4516-bea2-f5d5a99af27d', 'title': 'CryptoTaxCalc – Workspace Summary (All assets, All years)', 'summary_sections': {'by_month': True, 'by_quote': True, 'by_asset': True, 'eur_summary': True, 'top_events': 50}, 'pdf_size_bytes': 28192905}
2026-02-28T13:25:01Z [INFO] cryptotaxcalc.pdf: Building summary PDF for run_id=0cbf000a-0972-4516-bea2-f5d5a99af27d | title=CryptoTaxCalc – Workspace Summary
2026-02-28T13:25:13Z [INFO] cryptotaxcalc.pdf: PDF built successfully: {'timestamp': '2026-02-28T12:25:01Z', 'run_id': '0cbf000a-0972-4516-bea2-f5d5a99af27d', 'title': 'CryptoTaxCalc – Workspace Summary', 'summary_sections': {'by_month': True, 'by_quote': True, 'by_asset': True, 'eur_summary': True, 'top_events': 50}, 'pdf_size_bytes': 28192877}
2026-02-28T13:42:53Z [INFO] cryptotaxcalc.pdf: Building summary PDF for run_id=23515e2a-5bdb-4d3c-9e5c-e7939d287ee7 | title=CryptoTaxCalc – Workspace Summary
2026-02-28T13:43:05Z [INFO] cryptotaxcalc.pdf: PDF built successfully: {'timestamp': '2026-02-28T12:42:53Z', 'run_id': '23515e2a-5bdb-4d3c-9e5c-e7939d287ee7', 'title': 'CryptoTaxCalc – Workspace Summary', 'summary_sections': {'by_month': True, 'by_quote': True, 'by_asset': True, 'eur_summary': True, 'top_events': 50}, 'pdf_size_bytes': 28192976}
2026-02-28T13:48:56Z [INFO] cryptotaxcalc.pdf: Building summary PDF for run_id=f02fe3cd-0f90-4052-a962-e19d98058350 | title=CryptoTaxCalc – Workspace Summary
2026-02-28T13:49:07Z [INFO] cryptotaxcalc.pdf: PDF built successfully: {'timestamp': '2026-02-28T12:48:56Z', 'run_id': 'f02fe3cd-0f90-4052-a962-e19d98058350', 'title': 'CryptoTaxCalc – Workspace Summary', 'summary_sections': {'by_month': True, 'by_quote': True, 'by_asset': True, 'eur_summary': True, 'top_events': 50}, 'pdf_size_bytes': 28193044}
2026-02-28T13:50:15Z [INFO] cryptotaxcalc.pdf: Building summary PDF for run_id=f02fe3cd-0f90-4052-a962-e19d98058350 | title=CryptoTaxCalc – Workspace Summary (All assets, 2024)
2026-02-28T13:50:27Z [INFO] cryptotaxcalc.pdf: PDF built successfully: {'timestamp': '2026-02-28T12:50:15Z', 'run_id': 'f02fe3cd-0f90-4052-a962-e19d98058350', 'title': 'CryptoTaxCalc – Workspace Summary (All assets, 2024)', 'summary_sections': {'by_month': True, 'by_quote': True, 'by_asset': True, 'eur_summary': True, 'top_events': 50}, 'pdf_size_bytes': 30371645}
2026-02-28T14:15:03Z [INFO] cryptotaxcalc.pdf: Building summary PDF for run_id=5bb6e625-4d07-49c0-b192-d97951081ad0 | title=CryptoTaxCalc – Workspace Summary
2026-02-28T14:15:14Z [INFO] cryptotaxcalc.pdf: PDF built successfully: {'timestamp': '2026-02-28T13:15:03Z', 'run_id': '5bb6e625-4d07-49c0-b192-d97951081ad0', 'title': 'CryptoTaxCalc – Workspace Summary', 'summary_sections': {'by_month': True, 'by_quote': True, 'by_asset': True, 'eur_summary': True, 'top_events': 50}, 'pdf_size_bytes': 28192904}
2026-02-28T14:16:33Z [INFO] cryptotaxcalc.pdf: Building summary PDF for run_id=1e4d8330-9143-45b6-94a8-c75d011bf3e2 | title=CryptoTaxCalc – Workspace Summary
2026-02-28T14:16:38Z [INFO] cryptotaxcalc.pdf: Building summary PDF for run_id=1e4d8330-9143-45b6-94a8-c75d011bf3e2 | title=CryptoTaxCalc – Workspace Summary
2026-02-28T14:16:47Z [INFO] cryptotaxcalc.pdf: PDF built successfully: {'timestamp': '2026-02-28T13:16:33Z', 'run_id': '1e4d8330-9143-45b6-94a8-c75d011bf3e2', 'title': 'CryptoTaxCalc – Workspace Summary', 'summary_sections': {'by_month': True, 'by_quote': True, 'by_asset': True, 'eur_summary': True, 'top_events': 22}, 'pdf_size_bytes': 28163324}
2026-02-28T14:16:53Z [INFO] cryptotaxcalc.pdf: PDF built successfully: {'timestamp': '2026-02-28T13:16:38Z', 'run_id': '1e4d8330-9143-45b6-94a8-c75d011bf3e2', 'title': 'CryptoTaxCalc – Workspace Summary', 'summary_sections': {'by_month': True, 'by_quote': True, 'by_asset': True, 'eur_summary': True, 'top_events': 22}, 'pdf_size_bytes': 28163325}
2026-02-28T14:17:20Z [INFO] cryptotaxcalc.pdf: Building summary PDF for run_id=1e4d8330-9143-45b6-94a8-c75d011bf3e2 | title=CryptoTaxCalc – Workspace Summary (All assets, All years)
2026-02-28T14:17:26Z [INFO] cryptotaxcalc.pdf: Building summary PDF for run_id=1e4d8330-9143-45b6-94a8-c75d011bf3e2 | title=CryptoTaxCalc – Workspace Summary (All assets, All years)
2026-02-28T14:17:34Z [INFO] cryptotaxcalc.pdf: PDF built successfully: {'timestamp': '2026-02-28T13:17:20Z', 'run_id': '1e4d8330-9143-45b6-94a8-c75d011bf3e2', 'title': 'CryptoTaxCalc – Workspace Summary (All assets, All years)', 'summary_sections': {'by_month': True, 'by_quote': True, 'by_asset': True, 'eur_summary': True, 'top_events': 22}, 'pdf_size_bytes': 28163753}
2026-02-28T14:17:40Z [INFO] cryptotaxcalc.pdf: PDF built successfully: {'timestamp': '2026-02-28T13:17:26Z', 'run_id': '1e4d8330-9143-45b6-94a8-c75d011bf3e2', 'title': 'CryptoTaxCalc – Workspace Summary (All assets, All years)', 'summary_sections': {'by_month': True, 'by_quote': True, 'by_asset': True, 'eur_summary': True, 'top_events': 22}, 'pdf_size_bytes': 28163755}
2026-03-01T18:32:47Z [INFO] cryptotaxcalc.pdf: Building summary PDF for run_id=501d6876-2cf7-4d4f-a226-58f08ec33fa9 | title=CryptoTaxCalc – Workspace Summary
2026-03-01T18:33:00Z [INFO] cryptotaxcalc.pdf: PDF built successfully: {'timestamp': '2026-03-01T17:32:47Z', 'run_id': '501d6876-2cf7-4d4f-a226-58f08ec33fa9', 'title': 'CryptoTaxCalc – Workspace Summary', 'summary_sections': {'by_month': True, 'by_quote': True, 'by_asset': True, 'eur_summary': True, 'top_events': 50}, 'pdf_size_bytes': 28192937}
2026-03-01T18:34:16Z [INFO] cryptotaxcalc.pdf: Building summary PDF for run_id=501d6876-2cf7-4d4f-a226-58f08ec33fa9 | title=CryptoTaxCalc – Workspace Summary (All assets, 2024)
2026-03-01T18:34:30Z [INFO] cryptotaxcalc.pdf: PDF built successfully: {'timestamp': '2026-03-01T17:34:16Z', 'run_id': '501d6876-2cf7-4d4f-a226-58f08ec33fa9', 'title': 'CryptoTaxCalc – Workspace Summary (All assets, 2024)', 'summary_sections': {'by_month': True, 'by_quote': True, 'by_asset': True, 'eur_summary': True, 'top_events': 50}, 'pdf_size_bytes': 30371706}
2026-03-01T18:34:30Z [INFO] cryptotaxcalc.pdf: Building summary PDF for run_id=501d6876-2cf7-4d4f-a226-58f08ec33fa9 | title=CryptoTaxCalc – Workspace Summary (All assets, 2024)
2026-03-01T18:34:44Z [INFO] cryptotaxcalc.pdf: PDF built successfully: {'timestamp': '2026-03-01T17:34:30Z', 'run_id': '501d6876-2cf7-4d4f-a226-58f08ec33fa9', 'title': 'CryptoTaxCalc – Workspace Summary (All assets, 2024)', 'summary_sections': {'by_month': True, 'by_quote': True, 'by_asset': True, 'eur_summary': True, 'top_events': 50}, 'pdf_size_bytes': 30371708}
2026-03-01T18:34:45Z [INFO] cryptotaxcalc.pdf: Building summary PDF for run_id=501d6876-2cf7-4d4f-a226-58f08ec33fa9 | title=CryptoTaxCalc – Workspace Summary (All assets, 2024)
2026-03-01T18:34:58Z [INFO] cryptotaxcalc.pdf: PDF built successfully: {'timestamp': '2026-03-01T17:34:45Z', 'run_id': '501d6876-2cf7-4d4f-a226-58f08ec33fa9', 'title': 'CryptoTaxCalc – Workspace Summary (All assets, 2024)', 'summary_sections': {'by_month': True, 'by_quote': True, 'by_asset': True, 'eur_summary': True, 'top_events': 50}, 'pdf_size_bytes': 30371705}
2026-03-01T18:35:00Z [INFO] cryptotaxcalc.pdf: Building summary PDF for run_id=501d6876-2cf7-4d4f-a226-58f08ec33fa9 | title=CryptoTaxCalc – Workspace Summary (All assets, 2024)
2026-03-01T18:35:13Z [INFO] cryptotaxcalc.pdf: PDF built successfully: {'timestamp': '2026-03-01T17:35:00Z', 'run_id': '501d6876-2cf7-4d4f-a226-58f08ec33fa9', 'title': 'CryptoTaxCalc – Workspace Summary (All assets, 2024)', 'summary_sections': {'by_month': True, 'by_quote': True, 'by_asset': True, 'eur_summary': True, 'top_events': 50}, 'pdf_size_bytes': 30371702}
2026-03-01T18:35:15Z [INFO] cryptotaxcalc.pdf: Building summary PDF for run_id=501d6876-2cf7-4d4f-a226-58f08ec33fa9 | title=CryptoTaxCalc – Workspace Summary (All assets, 2024)
2026-03-01T18:35:28Z [INFO] cryptotaxcalc.pdf: PDF built successfully: {'timestamp': '2026-03-01T17:35:15Z', 'run_id': '501d6876-2cf7-4d4f-a226-58f08ec33fa9', 'title': 'CryptoTaxCalc – Workspace Summary (All assets, 2024)', 'summary_sections': {'by_month': True, 'by_quote': True, 'by_asset': True, 'eur_summary': True, 'top_events': 50}, 'pdf_size_bytes': 30371705}
2026-03-02T12:57:34Z [INFO] cryptotaxcalc.pdf: Building summary PDF for run_id=334aec70-3341-4cff-bd2b-7f56e32a734a | title=CryptoTaxCalc – Workspace Summary
2026-03-02T12:57:49Z [INFO] cryptotaxcalc.pdf: PDF built successfully: {'timestamp': '2026-03-02T11:57:34Z', 'run_id': '334aec70-3341-4cff-bd2b-7f56e32a734a', 'title': 'CryptoTaxCalc – Workspace Summary', 'summary_sections': {'by_month': True, 'by_quote': True, 'by_asset': True, 'eur_summary': True, 'top_events': 50}, 'pdf_size_bytes': 28192866}
2026-03-02T14:03:20Z [INFO] cryptotaxcalc.pdf: Building summary PDF for run_id=1fe1057b-c25e-4a84-b219-a89465d7a94b | title=CryptoTaxCalc – Workspace Summary
2026-03-02T14:03:31Z [INFO] cryptotaxcalc.pdf: PDF built successfully: {'timestamp': '2026-03-02T13:03:20Z', 'run_id': '1fe1057b-c25e-4a84-b219-a89465d7a94b', 'title': 'CryptoTaxCalc – Workspace Summary', 'summary_sections': {'by_month': True, 'by_quote': True, 'by_asset': True, 'eur_summary': True, 'top_events': 50}, 'pdf_size_bytes': 28192808}
2026-03-02T14:22:58Z [INFO] cryptotaxcalc.pdf: Building summary PDF for run_id=529224a0-3ed3-4c29-b1e4-20edd437e994 | title=CryptoTaxCalc – Workspace Summary
2026-03-02T14:23:10Z [INFO] cryptotaxcalc.pdf: PDF built successfully: {'timestamp': '2026-03-02T13:22:58Z', 'run_id': '529224a0-3ed3-4c29-b1e4-20edd437e994', 'title': 'CryptoTaxCalc – Workspace Summary', 'summary_sections': {'by_month': True, 'by_quote': True, 'by_asset': True, 'eur_summary': True, 'top_events': 50}, 'pdf_size_bytes': 28192918}
2026-03-02T14:24:35Z [INFO] cryptotaxcalc.pdf: Building summary PDF for run_id=529224a0-3ed3-4c29-b1e4-20edd437e994 | title=CryptoTaxCalc – Workspace Summary (All assets, 2024)
2026-03-02T14:24:48Z [INFO] cryptotaxcalc.pdf: PDF built successfully: {'timestamp': '2026-03-02T13:24:35Z', 'run_id': '529224a0-3ed3-4c29-b1e4-20edd437e994', 'title': 'CryptoTaxCalc – Workspace Summary (All assets, 2024)', 'summary_sections': {'by_month': True, 'by_quote': True, 'by_asset': True, 'eur_summary': True, 'top_events': 50}, 'pdf_size_bytes': 30371774}
2026-03-02T14:24:51Z [INFO] cryptotaxcalc.pdf: Building summary PDF for run_id=529224a0-3ed3-4c29-b1e4-20edd437e994 | title=CryptoTaxCalc – Workspace Summary (All assets, 2024)
2026-03-02T14:25:03Z [INFO] cryptotaxcalc.pdf: PDF built successfully: {'timestamp': '2026-03-02T13:24:51Z', 'run_id': '529224a0-3ed3-4c29-b1e4-20edd437e994', 'title': 'CryptoTaxCalc – Workspace Summary (All assets, 2024)', 'summary_sections': {'by_month': True, 'by_quote': True, 'by_asset': True, 'eur_summary': True, 'top_events': 50}, 'pdf_size_bytes': 30371772}
2026-03-02T14:25:16Z [INFO] cryptotaxcalc.pdf: Building summary PDF for run_id=529224a0-3ed3-4c29-b1e4-20edd437e994 | title=CryptoTaxCalc – Workspace Summary (All assets, 2024)
2026-03-02T14:25:29Z [INFO] cryptotaxcalc.pdf: PDF built successfully: {'timestamp': '2026-03-02T13:25:16Z', 'run_id': '529224a0-3ed3-4c29-b1e4-20edd437e994', 'title': 'CryptoTaxCalc – Workspace Summary (All assets, 2024)', 'summary_sections': {'by_month': True, 'by_quote': True, 'by_asset': True, 'eur_summary': True, 'top_events': 50}, 'pdf_size_bytes': 30371772}
2026-03-02T14:25:32Z [INFO] cryptotaxcalc.pdf: Building summary PDF for run_id=529224a0-3ed3-4c29-b1e4-20edd437e994 | title=CryptoTaxCalc – Workspace Summary (All assets, 2024)
2026-03-02T14:25:46Z [INFO] cryptotaxcalc.pdf: PDF built successfully: {'timestamp': '2026-03-02T13:25:32Z', 'run_id': '529224a0-3ed3-4c29-b1e4-20edd437e994', 'title': 'CryptoTaxCalc – Workspace Summary (All assets, 2024)', 'summary_sections': {'by_month': True, 'by_quote': True, 'by_asset': True, 'eur_summary': True, 'top_events': 50}, 'pdf_size_bytes': 30371774}
2026-03-02T16:38:38Z [INFO] cryptotaxcalc.pdf: Building summary PDF for run_id=e7b07c85-4b50-403f-91ed-0d35e7e765bb | title=CryptoTaxCalc – Workspace Summary
2026-03-02T16:38:50Z [INFO] cryptotaxcalc.pdf: PDF built successfully: {'timestamp': '2026-03-02T15:38:38Z', 'run_id': 'e7b07c85-4b50-403f-91ed-0d35e7e765bb', 'title': 'CryptoTaxCalc – Workspace Summary', 'summary_sections': {'by_month': True, 'by_quote': True, 'by_asset': True, 'eur_summary': True, 'top_events': 50}, 'pdf_size_bytes': 28193060}
2026-03-02T18:38:01Z [INFO] cryptotaxcalc.pdf: Building summary PDF for run_id=75dc7d05-df93-4387-b840-1eb2b1ed36f3 | title=CryptoTaxCalc – Workspace Summary
2026-03-02T18:38:13Z [INFO] cryptotaxcalc.pdf: PDF built successfully: {'timestamp': '2026-03-02T17:38:01Z', 'run_id': '75dc7d05-df93-4387-b840-1eb2b1ed36f3', 'title': 'CryptoTaxCalc – Workspace Summary', 'summary_sections': {'by_month': True, 'by_quote': True, 'by_asset': True, 'eur_summary': True, 'top_events': 50}, 'pdf_size_bytes': 28192938}
2026-03-02T18:41:19Z [INFO] cryptotaxcalc.pdf: Building summary PDF for run_id=dcb98358-518e-43ac-9851-aa811868762e | title=CryptoTaxCalc – Workspace Summary
2026-03-02T18:41:31Z [INFO] cryptotaxcalc.pdf: PDF built successfully: {'timestamp': '2026-03-02T17:41:19Z', 'run_id': 'dcb98358-518e-43ac-9851-aa811868762e', 'title': 'CryptoTaxCalc – Workspace Summary', 'summary_sections': {'by_month': True, 'by_quote': True, 'by_asset': True, 'eur_summary': True, 'top_events': 50}, 'pdf_size_bytes': 28189778}
2026-03-02T21:10:20Z [INFO] cryptotaxcalc.pdf: Building summary PDF for run_id=fbbecfbc-7ae1-4255-83b5-e626a0c2dbdf | title=CryptoTaxCalc – Workspace Summary
2026-03-02T21:10:23Z [INFO] cryptotaxcalc.pdf: Building summary PDF for run_id=fbbecfbc-7ae1-4255-83b5-e626a0c2dbdf | title=CryptoTaxCalc – Workspace Summary (All assets, All years)
2026-03-02T21:10:36Z [INFO] cryptotaxcalc.pdf: PDF built successfully: {'timestamp': '2026-03-02T20:10:20Z', 'run_id': 'fbbecfbc-7ae1-4255-83b5-e626a0c2dbdf', 'title': 'CryptoTaxCalc – Workspace Summary', 'summary_sections': {'by_month': True, 'by_quote': True, 'by_asset': True, 'eur_summary': True, 'top_events': 22}, 'pdf_size_bytes': 28163329}
2026-03-02T21:10:39Z [INFO] cryptotaxcalc.pdf: PDF built successfully: {'timestamp': '2026-03-02T20:10:23Z', 'run_id': 'fbbecfbc-7ae1-4255-83b5-e626a0c2dbdf', 'title': 'CryptoTaxCalc – Workspace Summary (All assets, All years)', 'summary_sections': {'by_month': True, 'by_quote': True, 'by_asset': True, 'eur_summary': True, 'top_events': 22}, 'pdf_size_bytes': 28163756}
2026-03-04T08:20:06Z [INFO] cryptotaxcalc.pdf: Building summary PDF for run_id=74d895a1-d192-4bfc-b3b0-5589b29e0c31 | title=CryptoTaxCalc – Workspace Summary
2026-03-04T08:20:07Z [INFO] cryptotaxcalc.pdf: Building summary PDF for run_id=74d895a1-d192-4bfc-b3b0-5589b29e0c31 | title=CryptoTaxCalc – Workspace Summary (All assets, All years)
2026-03-04T08:20:23Z [INFO] cryptotaxcalc.pdf: PDF built successfully: {'timestamp': '2026-03-04T07:20:06Z', 'run_id': '74d895a1-d192-4bfc-b3b0-5589b29e0c31', 'title': 'CryptoTaxCalc – Workspace Summary', 'summary_sections': {'by_month': True, 'by_quote': True, 'by_asset': True, 'eur_summary': True, 'top_events': 22}, 'pdf_size_bytes': 28163336}
2026-03-04T08:20:25Z [INFO] cryptotaxcalc.pdf: PDF built successfully: {'timestamp': '2026-03-04T07:20:07Z', 'run_id': '74d895a1-d192-4bfc-b3b0-5589b29e0c31', 'title': 'CryptoTaxCalc – Workspace Summary (All assets, All years)', 'summary_sections': {'by_month': True, 'by_quote': True, 'by_asset': True, 'eur_summary': True, 'top_events': 22}, 'pdf_size_bytes': 28163765}
